<?xml version="1.0" encoding="UTF-8"?>
<testsuites name="Health Plans and their Products" time="1014" tests="83" failures="1" errors="0">
   <testsuite name="Health Plans and their Products" tests="83" failures="1" errors="0" time="1014" timestamp="2018-04-17 09:23:28" hostname="shawn - DESKTOP-VC1MT75" id="Test Suites/Health Plans and their Products">
      <properties>
         <property name="deviceName" value=""/>
         <property name="devicePlatform" value=""/>
         <property name="logFolder" value="C:\\Users\\shawn\\Katalon Studio\\PNDS\\Reports\\Health Plans and their Products\\20180417_092326"/>
         <property name="logFiles" value="C:\\Users\\shawn\\Katalon Studio\\PNDS\\Reports\\Health Plans and their Products\\20180417_092326\\execution0.log"/>
         <property name="attachments" value="C:\\Users\\shawn\\Katalon Studio\\PNDS\\Reports\\Health Plans and their Products\\20180417_092326\\1523972422655.png"/>
         <property name="hostName" value="shawn - DESKTOP-VC1MT75"/>
         <property name="os" value="Windows 10 64bit"/>
         <property name="katalonVersion" value="5.3.1.1"/>
         <property name="browser" value="Firefox 59.0"/>
         <property name="hostAddress" value="192.168.254.184"/>
         <property name="sessionId" value="22f3de3a-2d4f-452f-855a-db271109e2b3"/>
         <property name="seleniumVersion" value="3.7.1"/>
         <property name="proxyInformation" value="ProxyInformation{proxyOption=NO_PROXY, proxyServerType=HTTP, password=, proxyServerAddress=, proxyServerPort=0}"/>
         <property name="platform" value="Windows 10"/>
      </properties>
      <testcase name="Test Cases/Health Plans and their Products/Aetna" classname="Test Cases/Health Plans and their Products/Aetna" status="PASSED">
         <system-out><![CDATA[2018-04-17 09:23:29 - [TEST_CASE][PASSED] - Test Cases/Health Plans and their Products/Aetna: Test Cases/Health Plans and their Products/Aetna

2018-04-17 09:23:29 - [TEST_STEP][PASSED] - openBrowser: Browser is opened with url: ''

2018-04-17 09:23:33 - [MESSAGE][PASSED] - Browser is opened with url: ''

2018-04-17 09:23:33 - [TEST_STEP][PASSED] - navigateToUrl: Navigate to 'http://dev.providerlookup.ipro.org/' successfully

2018-04-17 09:23:37 - [MESSAGE][PASSED] - Navigate to 'http://dev.providerlookup.ipro.org/' successfully

2018-04-17 09:23:37 - [TEST_STEP][PASSED] - click: Object: 'Object Repository/Plans and Products/Page_PNDS/a_Search by Health Plan' is clicked on

2018-04-17 09:23:38 - [MESSAGE][PASSED] - Object: 'Object Repository/Plans and Products/Page_PNDS/a_Search by Health Plan' is clicked on

2018-04-17 09:23:38 - [TEST_STEP][PASSED] - selectOptionByValue: All options with value '0001' are selected in object 'Object Repository/Plans and Products/Page_PNDS/select_--- Choose one ---Aetna'  using regular expression

2018-04-17 09:23:40 - [MESSAGE][PASSED] - All options with value '0001' are selected in object 'Object Repository/Plans and Products/Page_PNDS/select_--- Choose one ---Aetna'  using regular expression

2018-04-17 09:23:40 - [TEST_STEP][PASSED] - selectOptionByValue: All options with value 'fida' are selected in object 'Object Repository/Plans and Products/Page_PNDS/select_--- Choose One ---Aetna (1)'  using regular expression

2018-04-17 09:23:40 - [MESSAGE][PASSED] - All options with value 'fida' are selected in object 'Object Repository/Plans and Products/Page_PNDS/select_--- Choose One ---Aetna (1)'  using regular expression

2018-04-17 09:23:40 - [TEST_STEP][PASSED] - selectOptionByValue: All options with value 'partialcaps' are selected in object 'Object Repository/Plans and Products/Page_PNDS/select_--- Choose One ---Aetna (1)'  using regular expression

2018-04-17 09:23:41 - [MESSAGE][PASSED] - All options with value 'partialcaps' are selected in object 'Object Repository/Plans and Products/Page_PNDS/select_--- Choose One ---Aetna (1)'  using regular expression

2018-04-17 09:23:41 - [TEST_STEP][PASSED] - selectOptionByValue: All options with value 'nonmcovision' are selected in object 'Object Repository/Plans and Products/Page_PNDS/select_--- Choose One ---Aetna (1)'  using regular expression

2018-04-17 09:23:42 - [MESSAGE][PASSED] - All options with value 'nonmcovision' are selected in object 'Object Repository/Plans and Products/Page_PNDS/select_--- Choose One ---Aetna (1)'  using regular expression

2018-04-17 09:23:42 - [TEST_STEP][PASSED] - selectOptionByValue: All options with value 'nonmcomedical' are selected in object 'Object Repository/Plans and Products/Page_PNDS/select_--- Choose One ---Aetna (1)'  using regular expression

2018-04-17 09:23:42 - [MESSAGE][PASSED] - All options with value 'nonmcomedical' are selected in object 'Object Repository/Plans and Products/Page_PNDS/select_--- Choose One ---Aetna (1)'  using regular expression

2018-04-17 09:23:42 - [TEST_STEP][PASSED] - selectOptionByValue: All options with value 'nonmcomedical,skp_004' are selected in object 'Object Repository/Plans and Products/Page_PNDS/select_--- Choose One ---Aetna (1)'  using regular expression

2018-04-17 09:23:43 - [MESSAGE][PASSED] - All options with value 'nonmcomedical,skp_004' are selected in object 'Object Repository/Plans and Products/Page_PNDS/select_--- Choose One ---Aetna (1)'  using regular expression

2018-04-17 09:23:43 - [TEST_STEP][PASSED] - selectOptionByValue: All options with value 'nonmcomedical,skp_005' are selected in object 'Object Repository/Plans and Products/Page_PNDS/select_--- Choose One ---Aetna (1)'  using regular expression

2018-04-17 09:23:44 - [MESSAGE][PASSED] - All options with value 'nonmcomedical,skp_005' are selected in object 'Object Repository/Plans and Products/Page_PNDS/select_--- Choose One ---Aetna (1)'  using regular expression

2018-04-17 09:23:44 - [TEST_STEP][PASSED] - selectOptionByValue: All options with value 'nonmcodental' are selected in object 'Object Repository/Plans and Products/Page_PNDS/select_--- Choose One ---Aetna (1)'  using regular expression

2018-04-17 09:23:44 - [MESSAGE][PASSED] - All options with value 'nonmcodental' are selected in object 'Object Repository/Plans and Products/Page_PNDS/select_--- Choose One ---Aetna (1)'  using regular expression

2018-04-17 09:23:44 - [TEST_STEP][PASSED] - selectOptionByValue: All options with value 'nonmcodental,skp_007' are selected in object 'Object Repository/Plans and Products/Page_PNDS/select_--- Choose One ---Aetna (1)'  using regular expression

2018-04-17 09:23:45 - [MESSAGE][PASSED] - All options with value 'nonmcodental,skp_007' are selected in object 'Object Repository/Plans and Products/Page_PNDS/select_--- Choose One ---Aetna (1)'  using regular expression

2018-04-17 09:23:45 - [TEST_STEP][PASSED] - selectOptionByValue: All options with value 'nonmcomedical,skp_008' are selected in object 'Object Repository/Plans and Products/Page_PNDS/select_--- Choose One ---Aetna (1)'  using regular expression

2018-04-17 09:23:46 - [MESSAGE][PASSED] - All options with value 'nonmcomedical,skp_008' are selected in object 'Object Repository/Plans and Products/Page_PNDS/select_--- Choose One ---Aetna (1)'  using regular expression

2018-04-17 09:23:46 - [TEST_STEP][PASSED] - selectOptionByValue: All options with value 'nonmcomedical,skp_009' are selected in object 'Object Repository/Plans and Products/Page_PNDS/select_--- Choose One ---Aetna (1)'  using regular expression

2018-04-17 09:23:47 - [MESSAGE][PASSED] - All options with value 'nonmcomedical,skp_009' are selected in object 'Object Repository/Plans and Products/Page_PNDS/select_--- Choose One ---Aetna (1)'  using regular expression

2018-04-17 09:23:47 - [TEST_STEP][PASSED] - selectOptionByValue: All options with value 'nonmcomedical,skp_010' are selected in object 'Object Repository/Plans and Products/Page_PNDS/select_--- Choose One ---Aetna (1)'  using regular expression

2018-04-17 09:23:47 - [MESSAGE][PASSED] - All options with value 'nonmcomedical,skp_010' are selected in object 'Object Repository/Plans and Products/Page_PNDS/select_--- Choose One ---Aetna (1)'  using regular expression

2018-04-17 09:23:47 - [TEST_STEP][PASSED] - selectOptionByValue: All options with value 'nonmcomedical,skp_011' are selected in object 'Object Repository/Plans and Products/Page_PNDS/select_--- Choose One ---Aetna (1)'  using regular expression

2018-04-17 09:23:48 - [MESSAGE][PASSED] - All options with value 'nonmcomedical,skp_011' are selected in object 'Object Repository/Plans and Products/Page_PNDS/select_--- Choose One ---Aetna (1)'  using regular expression

2018-04-17 09:23:48 - [TEST_STEP][PASSED] - closeBrowser: Browser is closed

2018-04-17 09:23:48 - [MESSAGE][PASSED] - Browser is closed]]></system-out>
         <system-err><![CDATA[]]></system-err>
      </testcase>
      <testcase name="Test Cases/Health Plans and their Products/Affinity" classname="Test Cases/Health Plans and their Products/Affinity" status="PASSED">
         <system-out><![CDATA[2018-04-17 09:23:48 - [TEST_CASE][PASSED] - Test Cases/Health Plans and their Products/Affinity: Test Cases/Health Plans and their Products/Affinity

2018-04-17 09:23:49 - [TEST_STEP][PASSED] - openBrowser: Browser is opened with url: ''

2018-04-17 09:23:52 - [MESSAGE][PASSED] - Browser is opened with url: ''

2018-04-17 09:23:52 - [TEST_STEP][PASSED] - navigateToUrl: Navigate to 'http://dev.providerlookup.ipro.org/' successfully

2018-04-17 09:23:56 - [MESSAGE][PASSED] - Navigate to 'http://dev.providerlookup.ipro.org/' successfully

2018-04-17 09:23:56 - [TEST_STEP][PASSED] - click: Object: 'Object Repository/Plans and Products/Page_PNDS (1)/a_Search by Health Plan' is clicked on

2018-04-17 09:23:57 - [MESSAGE][PASSED] - Object: 'Object Repository/Plans and Products/Page_PNDS (1)/a_Search by Health Plan' is clicked on

2018-04-17 09:23:57 - [TEST_STEP][PASSED] - selectOptionByValue: All options with value '0006' are selected in object 'Object Repository/Plans and Products/Page_PNDS (1)/select_--- Choose one ---Aetna'  using regular expression

2018-04-17 09:23:58 - [MESSAGE][PASSED] - All options with value '0006' are selected in object 'Object Repository/Plans and Products/Page_PNDS (1)/select_--- Choose one ---Aetna'  using regular expression

2018-04-17 09:23:58 - [TEST_STEP][PASSED] - selectOptionByValue: All options with value 'chpprovider' are selected in object 'Object Repository/Plans and Products/Page_PNDS (1)/select_--- Choose One ---Affin'  using regular expression

2018-04-17 09:23:59 - [MESSAGE][PASSED] - All options with value 'chpprovider' are selected in object 'Object Repository/Plans and Products/Page_PNDS (1)/select_--- Choose One ---Affin'  using regular expression

2018-04-17 09:23:59 - [TEST_STEP][PASSED] - selectOptionByValue: All options with value 'bhp,bhpplus' are selected in object 'Object Repository/Plans and Products/Page_PNDS (1)/select_--- Choose One ---Affin'  using regular expression

2018-04-17 09:23:59 - [MESSAGE][PASSED] - All options with value 'bhp,bhpplus' are selected in object 'Object Repository/Plans and Products/Page_PNDS (1)/select_--- Choose One ---Affin'  using regular expression

2018-04-17 09:23:59 - [TEST_STEP][PASSED] - selectOptionByValue: All options with value 'harp' are selected in object 'Object Repository/Plans and Products/Page_PNDS (1)/select_--- Choose One ---Affin'  using regular expression

2018-04-17 09:24:00 - [MESSAGE][PASSED] - All options with value 'harp' are selected in object 'Object Repository/Plans and Products/Page_PNDS (1)/select_--- Choose One ---Affin'  using regular expression

2018-04-17 09:24:00 - [TEST_STEP][PASSED] - selectOptionByValue: All options with value 'medicaidprovider' are selected in object 'Object Repository/Plans and Products/Page_PNDS (1)/select_--- Choose One ---Affin'  using regular expression

2018-04-17 09:24:01 - [MESSAGE][PASSED] - All options with value 'medicaidprovider' are selected in object 'Object Repository/Plans and Products/Page_PNDS (1)/select_--- Choose One ---Affin'  using regular expression

2018-04-17 09:24:01 - [TEST_STEP][PASSED] - selectOptionByValue: All options with value 'medicaidadvantage' are selected in object 'Object Repository/Plans and Products/Page_PNDS (1)/select_--- Choose One ---Affin'  using regular expression

2018-04-17 09:24:01 - [MESSAGE][PASSED] - All options with value 'medicaidadvantage' are selected in object 'Object Repository/Plans and Products/Page_PNDS (1)/select_--- Choose One ---Affin'  using regular expression

2018-04-17 09:24:01 - [TEST_STEP][PASSED] - closeBrowser: Browser is closed

2018-04-17 09:24:01 - [MESSAGE][PASSED] - Browser is closed]]></system-out>
         <system-err><![CDATA[]]></system-err>
      </testcase>
      <testcase name="Test Cases/Health Plans and their Products/Agewell New York LLC" classname="Test Cases/Health Plans and their Products/Agewell New York LLC" status="PASSED">
         <system-out><![CDATA[2018-04-17 09:24:01 - [TEST_CASE][PASSED] - Test Cases/Health Plans and their Products/Agewell New York LLC: Test Cases/Health Plans and their Products/Agewell New York LLC

2018-04-17 09:24:01 - [TEST_STEP][PASSED] - openBrowser: Browser is opened with url: ''

2018-04-17 09:24:04 - [MESSAGE][PASSED] - Browser is opened with url: ''

2018-04-17 09:24:04 - [TEST_STEP][PASSED] - navigateToUrl: Navigate to 'http://dev.providerlookup.ipro.org/' successfully

2018-04-17 09:24:08 - [MESSAGE][PASSED] - Navigate to 'http://dev.providerlookup.ipro.org/' successfully

2018-04-17 09:24:08 - [TEST_STEP][PASSED] - click: Object: 'Object Repository/Plans and Products/Page_PNDS (2)/a_Search by Health Plan' is clicked on

2018-04-17 09:24:08 - [MESSAGE][PASSED] - Object: 'Object Repository/Plans and Products/Page_PNDS (2)/a_Search by Health Plan' is clicked on

2018-04-17 09:24:08 - [TEST_STEP][PASSED] - selectOptionByValue: All options with value '0007' are selected in object 'Object Repository/Plans and Products/Page_PNDS (2)/select_--- Choose one ---Aetna'  using regular expression

2018-04-17 09:24:10 - [MESSAGE][PASSED] - All options with value '0007' are selected in object 'Object Repository/Plans and Products/Page_PNDS (2)/select_--- Choose one ---Aetna'  using regular expression

2018-04-17 09:24:10 - [TEST_STEP][PASSED] - selectOptionByValue: All options with value 'fida' are selected in object 'Object Repository/Plans and Products/Page_PNDS (2)/select_--- Choose One ---AgeWe'  using regular expression

2018-04-17 09:24:11 - [MESSAGE][PASSED] - All options with value 'fida' are selected in object 'Object Repository/Plans and Products/Page_PNDS (2)/select_--- Choose One ---AgeWe'  using regular expression

2018-04-17 09:24:11 - [TEST_STEP][PASSED] - selectOptionByValue: All options with value 'partialcaps' are selected in object 'Object Repository/Plans and Products/Page_PNDS (2)/select_--- Choose One ---AgeWe'  using regular expression

2018-04-17 09:24:11 - [MESSAGE][PASSED] - All options with value 'partialcaps' are selected in object 'Object Repository/Plans and Products/Page_PNDS (2)/select_--- Choose One ---AgeWe'  using regular expression

2018-04-17 09:24:11 - [TEST_STEP][PASSED] - closeBrowser: Browser is closed

2018-04-17 09:24:11 - [MESSAGE][PASSED] - Browser is closed]]></system-out>
         <system-err><![CDATA[]]></system-err>
      </testcase>
      <testcase name="Test Cases/Health Plans and their Products/Alpha Care of New York Inc" classname="Test Cases/Health Plans and their Products/Alpha Care of New York Inc" status="PASSED">
         <system-out><![CDATA[2018-04-17 09:24:11 - [TEST_CASE][PASSED] - Test Cases/Health Plans and their Products/Alpha Care of New York Inc: Test Cases/Health Plans and their Products/Alpha Care of New York Inc

2018-04-17 09:24:11 - [TEST_STEP][PASSED] - openBrowser: Browser is opened with url: ''

2018-04-17 09:24:14 - [MESSAGE][PASSED] - Browser is opened with url: ''

2018-04-17 09:24:14 - [TEST_STEP][PASSED] - navigateToUrl: Navigate to 'http://dev.providerlookup.ipro.org/' successfully

2018-04-17 09:24:18 - [MESSAGE][PASSED] - Navigate to 'http://dev.providerlookup.ipro.org/' successfully

2018-04-17 09:24:18 - [TEST_STEP][PASSED] - click: Object: 'Object Repository/Plans and Products/Page_PNDS (3)/a_Search by Health Plan' is clicked on

2018-04-17 09:24:18 - [MESSAGE][PASSED] - Object: 'Object Repository/Plans and Products/Page_PNDS (3)/a_Search by Health Plan' is clicked on

2018-04-17 09:24:18 - [TEST_STEP][PASSED] - selectOptionByValue: All options with value '0008' are selected in object 'Object Repository/Plans and Products/Page_PNDS (3)/select_--- Choose one ---Aetna'  using regular expression

2018-04-17 09:24:20 - [MESSAGE][PASSED] - All options with value '0008' are selected in object 'Object Repository/Plans and Products/Page_PNDS (3)/select_--- Choose one ---Aetna'  using regular expression

2018-04-17 09:24:20 - [TEST_STEP][PASSED] - selectOptionByValue: All options with value 'partialcaps' are selected in object 'Object Repository/Plans and Products/Page_PNDS (3)/select_--- Choose One ---Alpha'  using regular expression

2018-04-17 09:24:21 - [MESSAGE][PASSED] - All options with value 'partialcaps' are selected in object 'Object Repository/Plans and Products/Page_PNDS (3)/select_--- Choose One ---Alpha'  using regular expression

2018-04-17 09:24:21 - [TEST_STEP][PASSED] - closeBrowser: Browser is closed

2018-04-17 09:24:21 - [MESSAGE][PASSED] - Browser is closed]]></system-out>
         <system-err><![CDATA[]]></system-err>
      </testcase>
      <testcase name="Test Cases/Health Plans and their Products/Ameritas" classname="Test Cases/Health Plans and their Products/Ameritas" status="PASSED">
         <system-out><![CDATA[2018-04-17 09:24:21 - [TEST_CASE][PASSED] - Test Cases/Health Plans and their Products/Ameritas: Test Cases/Health Plans and their Products/Ameritas

2018-04-17 09:24:21 - [TEST_STEP][PASSED] - openBrowser: Browser is opened with url: ''

2018-04-17 09:24:24 - [MESSAGE][PASSED] - Browser is opened with url: ''

2018-04-17 09:24:24 - [TEST_STEP][PASSED] - navigateToUrl: Navigate to 'http://dev.providerlookup.ipro.org/' successfully

2018-04-17 09:24:28 - [MESSAGE][PASSED] - Navigate to 'http://dev.providerlookup.ipro.org/' successfully

2018-04-17 09:24:28 - [TEST_STEP][PASSED] - click: Object: 'Object Repository/Plans and Products/Page_PNDS (4)/a_Search by Health Plan' is clicked on

2018-04-17 09:24:28 - [MESSAGE][PASSED] - Object: 'Object Repository/Plans and Products/Page_PNDS (4)/a_Search by Health Plan' is clicked on

2018-04-17 09:24:28 - [TEST_STEP][PASSED] - selectOptionByValue: All options with value '0010' are selected in object 'Object Repository/Plans and Products/Page_PNDS (4)/select_--- Choose one ---Aetna'  using regular expression

2018-04-17 09:24:30 - [MESSAGE][PASSED] - All options with value '0010' are selected in object 'Object Repository/Plans and Products/Page_PNDS (4)/select_--- Choose one ---Aetna'  using regular expression

2018-04-17 09:24:30 - [TEST_STEP][PASSED] - selectOptionByValue: All options with value 'nonmcodental' are selected in object 'Object Repository/Plans and Products/Page_PNDS (4)/select_--- Choose One ---Ameri'  using regular expression

2018-04-17 09:24:31 - [MESSAGE][PASSED] - All options with value 'nonmcodental' are selected in object 'Object Repository/Plans and Products/Page_PNDS (4)/select_--- Choose One ---Ameri'  using regular expression

2018-04-17 09:24:31 - [TEST_STEP][PASSED] - selectOptionByValue: All options with value 'nonmcodental,skp_001' are selected in object 'Object Repository/Plans and Products/Page_PNDS (4)/select_--- Choose One ---Ameri'  using regular expression

2018-04-17 09:24:31 - [MESSAGE][PASSED] - All options with value 'nonmcodental,skp_001' are selected in object 'Object Repository/Plans and Products/Page_PNDS (4)/select_--- Choose One ---Ameri'  using regular expression

2018-04-17 09:24:31 - [TEST_STEP][PASSED] - selectOptionByValue: All options with value 'nonmcodental,skp_002' are selected in object 'Object Repository/Plans and Products/Page_PNDS (4)/select_--- Choose One ---Ameri'  using regular expression

2018-04-17 09:24:32 - [MESSAGE][PASSED] - All options with value 'nonmcodental,skp_002' are selected in object 'Object Repository/Plans and Products/Page_PNDS (4)/select_--- Choose One ---Ameri'  using regular expression

2018-04-17 09:24:32 - [TEST_STEP][PASSED] - selectOptionByValue: All options with value 'nonmcovision' are selected in object 'Object Repository/Plans and Products/Page_PNDS (4)/select_--- Choose One ---Ameri'  using regular expression

2018-04-17 09:24:32 - [MESSAGE][PASSED] - All options with value 'nonmcovision' are selected in object 'Object Repository/Plans and Products/Page_PNDS (4)/select_--- Choose One ---Ameri'  using regular expression

2018-04-17 09:24:32 - [TEST_STEP][PASSED] - selectOptionByValue: All options with value 'nonmcovision,skp_004' are selected in object 'Object Repository/Plans and Products/Page_PNDS (4)/select_--- Choose One ---Ameri'  using regular expression

2018-04-17 09:24:33 - [MESSAGE][PASSED] - All options with value 'nonmcovision,skp_004' are selected in object 'Object Repository/Plans and Products/Page_PNDS (4)/select_--- Choose One ---Ameri'  using regular expression

2018-04-17 09:24:33 - [TEST_STEP][PASSED] - selectOptionByValue: All options with value 'nonmcovision,skp_005' are selected in object 'Object Repository/Plans and Products/Page_PNDS (4)/select_--- Choose One ---Ameri'  using regular expression

2018-04-17 09:24:34 - [MESSAGE][PASSED] - All options with value 'nonmcovision,skp_005' are selected in object 'Object Repository/Plans and Products/Page_PNDS (4)/select_--- Choose One ---Ameri'  using regular expression

2018-04-17 09:24:34 - [TEST_STEP][PASSED] - selectOptionByValue: All options with value 'nonmcovision,skp_006' are selected in object 'Object Repository/Plans and Products/Page_PNDS (4)/select_--- Choose One ---Ameri'  using regular expression

2018-04-17 09:24:34 - [MESSAGE][PASSED] - All options with value 'nonmcovision,skp_006' are selected in object 'Object Repository/Plans and Products/Page_PNDS (4)/select_--- Choose One ---Ameri'  using regular expression

2018-04-17 09:24:34 - [TEST_STEP][PASSED] - closeBrowser: Browser is closed

2018-04-17 09:24:35 - [MESSAGE][PASSED] - Browser is closed]]></system-out>
         <system-err><![CDATA[]]></system-err>
      </testcase>
      <testcase name="Test Cases/Health Plans and their Products/AmidaCare" classname="Test Cases/Health Plans and their Products/AmidaCare" status="PASSED">
         <system-out><![CDATA[2018-04-17 09:24:35 - [TEST_CASE][PASSED] - Test Cases/Health Plans and their Products/AmidaCare: Test Cases/Health Plans and their Products/AmidaCare

2018-04-17 09:24:35 - [TEST_STEP][PASSED] - openBrowser: Browser is opened with url: ''

2018-04-17 09:24:38 - [MESSAGE][PASSED] - Browser is opened with url: ''

2018-04-17 09:24:38 - [TEST_STEP][PASSED] - navigateToUrl: Navigate to 'http://dev.providerlookup.ipro.org/' successfully

2018-04-17 09:24:39 - [MESSAGE][PASSED] - Navigate to 'http://dev.providerlookup.ipro.org/' successfully

2018-04-17 09:24:39 - [TEST_STEP][PASSED] - click: Object: 'Object Repository/Plans and Products/Page_PNDS (5)/a_Search by Health Plan' is clicked on

2018-04-17 09:24:40 - [MESSAGE][PASSED] - Object: 'Object Repository/Plans and Products/Page_PNDS (5)/a_Search by Health Plan' is clicked on

2018-04-17 09:24:40 - [TEST_STEP][PASSED] - click: Object: 'Object Repository/Plans and Products/Page_PNDS (5)/div_Health Plan' is clicked on

2018-04-17 09:24:40 - [MESSAGE][PASSED] - Object: 'Object Repository/Plans and Products/Page_PNDS (5)/div_Health Plan' is clicked on

2018-04-17 09:24:40 - [TEST_STEP][PASSED] - selectOptionByValue: All options with value '0011' are selected in object 'Object Repository/Plans and Products/Page_PNDS (5)/select_--- Choose one ---Aetna'  using regular expression

2018-04-17 09:24:42 - [MESSAGE][PASSED] - All options with value '0011' are selected in object 'Object Repository/Plans and Products/Page_PNDS (5)/select_--- Choose one ---Aetna'  using regular expression

2018-04-17 09:24:42 - [TEST_STEP][PASSED] - selectOptionByValue: All options with value 'hivsnp' are selected in object 'Object Repository/Plans and Products/Page_PNDS (5)/select_--- Choose One ---Amida'  using regular expression

2018-04-17 09:24:43 - [MESSAGE][PASSED] - All options with value 'hivsnp' are selected in object 'Object Repository/Plans and Products/Page_PNDS (5)/select_--- Choose One ---Amida'  using regular expression

2018-04-17 09:24:43 - [TEST_STEP][PASSED] - closeBrowser: Browser is closed

2018-04-17 09:24:43 - [MESSAGE][PASSED] - Browser is closed]]></system-out>
         <system-err><![CDATA[]]></system-err>
      </testcase>
      <testcase name="Test Cases/Health Plans and their Products/ArchCare" classname="Test Cases/Health Plans and their Products/ArchCare" status="PASSED">
         <system-out><![CDATA[2018-04-17 09:24:43 - [TEST_CASE][PASSED] - Test Cases/Health Plans and their Products/ArchCare: Test Cases/Health Plans and their Products/ArchCare

2018-04-17 09:24:43 - [TEST_STEP][PASSED] - openBrowser: Browser is opened with url: ''

2018-04-17 09:24:46 - [MESSAGE][PASSED] - Browser is opened with url: ''

2018-04-17 09:24:46 - [TEST_STEP][PASSED] - navigateToUrl: Navigate to 'http://dev.providerlookup.ipro.org/' successfully

2018-04-17 09:24:48 - [MESSAGE][PASSED] - Navigate to 'http://dev.providerlookup.ipro.org/' successfully

2018-04-17 09:24:48 - [TEST_STEP][PASSED] - click: Object: 'Object Repository/Plans and Products/Page_PNDS (6)/a_Search by Health Plan' is clicked on

2018-04-17 09:24:49 - [MESSAGE][PASSED] - Object: 'Object Repository/Plans and Products/Page_PNDS (6)/a_Search by Health Plan' is clicked on

2018-04-17 09:24:49 - [TEST_STEP][PASSED] - selectOptionByValue: All options with value '0012' are selected in object 'Object Repository/Plans and Products/Page_PNDS (6)/select_--- Choose one ---Aetna'  using regular expression

2018-04-17 09:24:51 - [MESSAGE][PASSED] - All options with value '0012' are selected in object 'Object Repository/Plans and Products/Page_PNDS (6)/select_--- Choose one ---Aetna'  using regular expression

2018-04-17 09:24:51 - [TEST_STEP][PASSED] - selectOptionByValue: All options with value 'partialcaps' are selected in object 'Object Repository/Plans and Products/Page_PNDS (6)/select_--- Choose One ---ArchC'  using regular expression

2018-04-17 09:24:51 - [MESSAGE][PASSED] - All options with value 'partialcaps' are selected in object 'Object Repository/Plans and Products/Page_PNDS (6)/select_--- Choose One ---ArchC'  using regular expression

2018-04-17 09:24:51 - [TEST_STEP][PASSED] - selectOptionByValue: All options with value 'pace' are selected in object 'Object Repository/Plans and Products/Page_PNDS (6)/select_--- Choose One ---ArchC'  using regular expression

2018-04-17 09:24:52 - [MESSAGE][PASSED] - All options with value 'pace' are selected in object 'Object Repository/Plans and Products/Page_PNDS (6)/select_--- Choose One ---ArchC'  using regular expression

2018-04-17 09:24:52 - [TEST_STEP][PASSED] - closeBrowser: Browser is closed

2018-04-17 09:24:52 - [MESSAGE][PASSED] - Browser is closed]]></system-out>
         <system-err><![CDATA[]]></system-err>
      </testcase>
      <testcase name="Test Cases/Health Plans and their Products/Axa Equitable" classname="Test Cases/Health Plans and their Products/Axa Equitable" status="PASSED">
         <system-out><![CDATA[2018-04-17 09:24:52 - [TEST_CASE][PASSED] - Test Cases/Health Plans and their Products/Axa Equitable: Test Cases/Health Plans and their Products/Axa Equitable

2018-04-17 09:24:52 - [TEST_STEP][PASSED] - openBrowser: Browser is opened with url: ''

2018-04-17 09:24:55 - [MESSAGE][PASSED] - Browser is opened with url: ''

2018-04-17 09:24:55 - [TEST_STEP][PASSED] - navigateToUrl: Navigate to 'http://dev.providerlookup.ipro.org/' successfully

2018-04-17 09:24:57 - [MESSAGE][PASSED] - Navigate to 'http://dev.providerlookup.ipro.org/' successfully

2018-04-17 09:24:57 - [TEST_STEP][PASSED] - click: Object: 'Object Repository/Plans and Products/Page_PNDS (7)/a_Search by Health Plan' is clicked on

2018-04-17 09:24:58 - [MESSAGE][PASSED] - Object: 'Object Repository/Plans and Products/Page_PNDS (7)/a_Search by Health Plan' is clicked on

2018-04-17 09:24:58 - [TEST_STEP][PASSED] - selectOptionByValue: All options with value '0013' are selected in object 'Object Repository/Plans and Products/Page_PNDS (7)/select_--- Choose one ---Aetna'  using regular expression

2018-04-17 09:25:00 - [MESSAGE][PASSED] - All options with value '0013' are selected in object 'Object Repository/Plans and Products/Page_PNDS (7)/select_--- Choose one ---Aetna'  using regular expression

2018-04-17 09:25:00 - [TEST_STEP][PASSED] - selectOptionByValue: All options with value 'nonmcodental' are selected in object 'Object Repository/Plans and Products/Page_PNDS (7)/select_--- Choose One ---AXA E'  using regular expression

2018-04-17 09:25:00 - [MESSAGE][PASSED] - All options with value 'nonmcodental' are selected in object 'Object Repository/Plans and Products/Page_PNDS (7)/select_--- Choose One ---AXA E'  using regular expression

2018-04-17 09:25:00 - [TEST_STEP][PASSED] - selectOptionByValue: All options with value 'nonmcovision' are selected in object 'Object Repository/Plans and Products/Page_PNDS (7)/select_--- Choose One ---AXA E'  using regular expression

2018-04-17 09:25:01 - [MESSAGE][PASSED] - All options with value 'nonmcovision' are selected in object 'Object Repository/Plans and Products/Page_PNDS (7)/select_--- Choose One ---AXA E'  using regular expression

2018-04-17 09:25:01 - [TEST_STEP][PASSED] - closeBrowser: Browser is closed

2018-04-17 09:25:01 - [MESSAGE][PASSED] - Browser is closed]]></system-out>
         <system-err><![CDATA[]]></system-err>
      </testcase>
      <testcase name="Test Cases/Health Plans and their Products/Blue Cross Blue Shield" classname="Test Cases/Health Plans and their Products/Blue Cross Blue Shield" status="PASSED">
         <system-out><![CDATA[2018-04-17 09:25:01 - [TEST_CASE][PASSED] - Test Cases/Health Plans and their Products/Blue Cross Blue Shield: Test Cases/Health Plans and their Products/Blue Cross Blue Shield

2018-04-17 09:25:01 - [TEST_STEP][PASSED] - openBrowser: Browser is opened with url: ''

2018-04-17 09:25:04 - [MESSAGE][PASSED] - Browser is opened with url: ''

2018-04-17 09:25:04 - [TEST_STEP][PASSED] - navigateToUrl: Navigate to 'http://dev.providerlookup.ipro.org/' successfully

2018-04-17 09:25:06 - [MESSAGE][PASSED] - Navigate to 'http://dev.providerlookup.ipro.org/' successfully

2018-04-17 09:25:06 - [TEST_STEP][PASSED] - click: Object: 'Object Repository/Plans and Products/Page_PNDS (8)/a_Search by Health Plan' is clicked on

2018-04-17 09:25:08 - [MESSAGE][PASSED] - Object: 'Object Repository/Plans and Products/Page_PNDS (8)/a_Search by Health Plan' is clicked on

2018-04-17 09:25:08 - [TEST_STEP][PASSED] - selectOptionByValue: All options with value '0184' are selected in object 'Object Repository/Plans and Products/Page_PNDS (8)/select_--- Choose one ---Aetna'  using regular expression

2018-04-17 09:25:09 - [MESSAGE][PASSED] - All options with value '0184' are selected in object 'Object Repository/Plans and Products/Page_PNDS (8)/select_--- Choose one ---Aetna'  using regular expression

2018-04-17 09:25:09 - [TEST_STEP][PASSED] - selectOptionByValue: All options with value 'chpprovider' are selected in object 'Object Repository/Plans and Products/Page_PNDS (8)/select_--- Choose One ---BlueC'  using regular expression

2018-04-17 09:25:10 - [MESSAGE][PASSED] - All options with value 'chpprovider' are selected in object 'Object Repository/Plans and Products/Page_PNDS (8)/select_--- Choose One ---BlueC'  using regular expression

2018-04-17 09:25:10 - [TEST_STEP][PASSED] - selectOptionByValue: All options with value 'bhp' are selected in object 'Object Repository/Plans and Products/Page_PNDS (8)/select_--- Choose One ---BlueC'  using regular expression

2018-04-17 09:25:10 - [MESSAGE][PASSED] - All options with value 'bhp' are selected in object 'Object Repository/Plans and Products/Page_PNDS (8)/select_--- Choose One ---BlueC'  using regular expression

2018-04-17 09:25:10 - [TEST_STEP][PASSED] - selectOptionByValue: All options with value 'indivstsilver,indivstgold,indivstplatinum,indivstbronze,indivstbronze,indivchildonlybronze,indivstsilver,indivchildonlysilver,indivnonstsilver1,indivnonstsilver1,indivnonstsilver3,indivnonstsilver3,indivstgold,indivchildonlygold,indivnonstgold1,indivnonstgold1,indivstplatinum,indivchildonlyplatinum,indivnonstplatinum1,indivnonstplatinum1,indivnonstplatinum3,indivnonstplatinum3,indivnonstbronze1,indivnonstbronze1,indivnonstgold2,indivnonstgold2,indivnonstsilver2,indivnonstsilver2,indivnonstbronze2,indivnonstbronze2,indivstbronze,indivstbronze,indivnonstplatinum2,indivnonstplatinum2' are selected in object 'Object Repository/Plans and Products/Page_PNDS (8)/select_--- Choose One ---BlueC'  using regular expression

2018-04-17 09:25:11 - [MESSAGE][PASSED] - All options with value 'indivstsilver,indivstgold,indivstplatinum,indivstbronze,indivstbronze,indivchildonlybronze,indivstsilver,indivchildonlysilver,indivnonstsilver1,indivnonstsilver1,indivnonstsilver3,indivnonstsilver3,indivstgold,indivchildonlygold,indivnonstgold1,indivnonstgold1,indivstplatinum,indivchildonlyplatinum,indivnonstplatinum1,indivnonstplatinum1,indivnonstplatinum3,indivnonstplatinum3,indivnonstbronze1,indivnonstbronze1,indivnonstgold2,indivnonstgold2,indivnonstsilver2,indivnonstsilver2,indivnonstbronze2,indivnonstbronze2,indivstbronze,indivstbronze,indivnonstplatinum2,indivnonstplatinum2' are selected in object 'Object Repository/Plans and Products/Page_PNDS (8)/select_--- Choose One ---BlueC'  using regular expression

2018-04-17 09:25:11 - [TEST_STEP][PASSED] - selectOptionByValue: All options with value 'medicaidprovider' are selected in object 'Object Repository/Plans and Products/Page_PNDS (8)/select_--- Choose One ---BlueC'  using regular expression

2018-04-17 09:25:12 - [MESSAGE][PASSED] - All options with value 'medicaidprovider' are selected in object 'Object Repository/Plans and Products/Page_PNDS (8)/select_--- Choose One ---BlueC'  using regular expression

2018-04-17 09:25:12 - [TEST_STEP][PASSED] - selectOptionByValue: All options with value 'shopstbronze,shopstbronze,shopstbronze,shopstbronze,shopstsilver,shopstsilver,shopstsilver,shopstsilver,shopstgold,shopstgold,shopstgold,shopstgold,shopstplatinum,shopstplatinum,shopstplatinum,shopstplatinum,shopstplatinum,shopstplatinum,shopstplatinum,shopstplatinum,shopstbronze,shopstbronze,shopstbronze,shopstbronze,shopstsilver,shopstsilver,shopstsilver,shopstsilver,shopstgold,shopstgold,shopstgold,shopstgold,shopstplatinum,shopstplatinum,shopstplatinum,shopstplatinum,shopstplatinum,shopstplatinum,shopstplatinum,shopstplatinum' are selected in object 'Object Repository/Plans and Products/Page_PNDS (8)/select_--- Choose One ---BlueC'  using regular expression

2018-04-17 09:25:12 - [MESSAGE][PASSED] - All options with value 'shopstbronze,shopstbronze,shopstbronze,shopstbronze,shopstsilver,shopstsilver,shopstsilver,shopstsilver,shopstgold,shopstgold,shopstgold,shopstgold,shopstplatinum,shopstplatinum,shopstplatinum,shopstplatinum,shopstplatinum,shopstplatinum,shopstplatinum,shopstplatinum,shopstbronze,shopstbronze,shopstbronze,shopstbronze,shopstsilver,shopstsilver,shopstsilver,shopstsilver,shopstgold,shopstgold,shopstgold,shopstgold,shopstplatinum,shopstplatinum,shopstplatinum,shopstplatinum,shopstplatinum,shopstplatinum,shopstplatinum,shopstplatinum' are selected in object 'Object Repository/Plans and Products/Page_PNDS (8)/select_--- Choose One ---BlueC'  using regular expression

2018-04-17 09:25:12 - [TEST_STEP][PASSED] - selectOptionByValue: All options with value 'commercialprovider' are selected in object 'Object Repository/Plans and Products/Page_PNDS (8)/select_--- Choose One ---BlueC'  using regular expression

2018-04-17 09:25:13 - [MESSAGE][PASSED] - All options with value 'commercialprovider' are selected in object 'Object Repository/Plans and Products/Page_PNDS (8)/select_--- Choose One ---BlueC'  using regular expression

2018-04-17 09:25:13 - [TEST_STEP][PASSED] - selectOptionByValue: All options with value 'indivpeddentallow,indivfamdental' are selected in object 'Object Repository/Plans and Products/Page_PNDS (8)/select_--- Choose One ---BlueC'  using regular expression

2018-04-17 09:25:14 - [MESSAGE][PASSED] - All options with value 'indivpeddentallow,indivfamdental' are selected in object 'Object Repository/Plans and Products/Page_PNDS (8)/select_--- Choose One ---BlueC'  using regular expression

2018-04-17 09:25:14 - [TEST_STEP][PASSED] - selectOptionByValue: All options with value 'shoppeddentallow,shopfamdental' are selected in object 'Object Repository/Plans and Products/Page_PNDS (8)/select_--- Choose One ---BlueC'  using regular expression

2018-04-17 09:25:14 - [MESSAGE][PASSED] - All options with value 'shoppeddentallow,shopfamdental' are selected in object 'Object Repository/Plans and Products/Page_PNDS (8)/select_--- Choose One ---BlueC'  using regular expression

2018-04-17 09:25:14 - [TEST_STEP][PASSED] - selectOptionByValue: All options with value 'shopstbronze,shopstbronze,shopstbronze,shopstbronze,shopstsilver,shopstsilver,shopstsilver,shopstsilver,shopstgold,shopstgold,shopstgold,shopstgold,shopstplatinum,shopstplatinum,shopstplatinum,shopstplatinum,shopstplatinum,shopstplatinum,shopstplatinum,shopstplatinum,shopstbronze,shopstbronze,shopstbronze,shopstbronze,shopstsilver,shopstsilver,shopstsilver,shopstsilver,shopstgold,shopstgold,shopstgold,shopstgold,shopstplatinum,shopstplatinum,shopstplatinum,shopstplatinum,shopstplatinum,shopstplatinum,shopstplatinum,shopstplatinum,skp_008' are selected in object 'Object Repository/Plans and Products/Page_PNDS (8)/select_--- Choose One ---BlueC'  using regular expression

2018-04-17 09:25:15 - [MESSAGE][PASSED] - All options with value 'shopstbronze,shopstbronze,shopstbronze,shopstbronze,shopstsilver,shopstsilver,shopstsilver,shopstsilver,shopstgold,shopstgold,shopstgold,shopstgold,shopstplatinum,shopstplatinum,shopstplatinum,shopstplatinum,shopstplatinum,shopstplatinum,shopstplatinum,shopstplatinum,shopstbronze,shopstbronze,shopstbronze,shopstbronze,shopstsilver,shopstsilver,shopstsilver,shopstsilver,shopstgold,shopstgold,shopstgold,shopstgold,shopstplatinum,shopstplatinum,shopstplatinum,shopstplatinum,shopstplatinum,shopstplatinum,shopstplatinum,shopstplatinum,skp_008' are selected in object 'Object Repository/Plans and Products/Page_PNDS (8)/select_--- Choose One ---BlueC'  using regular expression

2018-04-17 09:25:15 - [TEST_STEP][PASSED] - selectOptionByValue: All options with value 'indivstbronze,indivstbronze,indivchildonlybronze,indivstsilver,indivchildonlysilver,indivstgold,indivchildonlygold,indivstplatinum,indivchildonlyplatinum,indivnonstplatinum1,indivnonstplatinum1,indivnonstgold1,indivnonstgold1,indivnonstsilver1,indivnonstsilver1,indivstbronze,indivstbronze,indivstsilver,indivstgold,indivstplatinum' are selected in object 'Object Repository/Plans and Products/Page_PNDS (8)/select_--- Choose One ---BlueC'  using regular expression

2018-04-17 09:25:16 - [MESSAGE][PASSED] - All options with value 'indivstbronze,indivstbronze,indivchildonlybronze,indivstsilver,indivchildonlysilver,indivstgold,indivchildonlygold,indivstplatinum,indivchildonlyplatinum,indivnonstplatinum1,indivnonstplatinum1,indivnonstgold1,indivnonstgold1,indivnonstsilver1,indivnonstsilver1,indivstbronze,indivstbronze,indivstsilver,indivstgold,indivstplatinum' are selected in object 'Object Repository/Plans and Products/Page_PNDS (8)/select_--- Choose One ---BlueC'  using regular expression

2018-04-17 09:25:16 - [TEST_STEP][PASSED] - closeBrowser: Browser is closed

2018-04-17 09:25:16 - [MESSAGE][PASSED] - Browser is closed]]></system-out>
         <system-err><![CDATA[]]></system-err>
      </testcase>
      <testcase name="Test Cases/Health Plans and their Products/Capital District" classname="Test Cases/Health Plans and their Products/Capital District" status="PASSED">
         <system-out><![CDATA[2018-04-17 09:25:16 - [TEST_CASE][PASSED] - Test Cases/Health Plans and their Products/Capital District: Test Cases/Health Plans and their Products/Capital District

2018-04-17 09:25:16 - [TEST_STEP][PASSED] - openBrowser: Browser is opened with url: ''

2018-04-17 09:25:19 - [MESSAGE][PASSED] - Browser is opened with url: ''

2018-04-17 09:25:19 - [TEST_STEP][PASSED] - navigateToUrl: Navigate to 'http://dev.providerlookup.ipro.org/' successfully

2018-04-17 09:25:21 - [MESSAGE][PASSED] - Navigate to 'http://dev.providerlookup.ipro.org/' successfully

2018-04-17 09:25:21 - [TEST_STEP][PASSED] - click: Object: 'Object Repository/Plans and Products/Page_PNDS (9)/a_Search by Health Plan' is clicked on

2018-04-17 09:25:22 - [MESSAGE][PASSED] - Object: 'Object Repository/Plans and Products/Page_PNDS (9)/a_Search by Health Plan' is clicked on

2018-04-17 09:25:22 - [TEST_STEP][PASSED] - selectOptionByValue: All options with value '0147' are selected in object 'Object Repository/Plans and Products/Page_PNDS (9)/select_--- Choose one ---Aetna'  using regular expression

2018-04-17 09:25:23 - [MESSAGE][PASSED] - All options with value '0147' are selected in object 'Object Repository/Plans and Products/Page_PNDS (9)/select_--- Choose one ---Aetna'  using regular expression

2018-04-17 09:25:23 - [TEST_STEP][PASSED] - selectOptionByValue: All options with value 'commercialprovider' are selected in object 'Object Repository/Plans and Products/Page_PNDS (9)/select_--- Choose One ---Capit'  using regular expression

2018-04-17 09:25:24 - [MESSAGE][PASSED] - All options with value 'commercialprovider' are selected in object 'Object Repository/Plans and Products/Page_PNDS (9)/select_--- Choose One ---Capit'  using regular expression

2018-04-17 09:25:24 - [TEST_STEP][PASSED] - selectOptionByValue: All options with value 'chpprovider' are selected in object 'Object Repository/Plans and Products/Page_PNDS (9)/select_--- Choose One ---Capit'  using regular expression

2018-04-17 09:25:24 - [MESSAGE][PASSED] - All options with value 'chpprovider' are selected in object 'Object Repository/Plans and Products/Page_PNDS (9)/select_--- Choose One ---Capit'  using regular expression

2018-04-17 09:25:24 - [TEST_STEP][PASSED] - selectOptionByValue: All options with value 'nonmcomedical' are selected in object 'Object Repository/Plans and Products/Page_PNDS (9)/select_--- Choose One ---Capit'  using regular expression

2018-04-17 09:25:25 - [MESSAGE][PASSED] - All options with value 'nonmcomedical' are selected in object 'Object Repository/Plans and Products/Page_PNDS (9)/select_--- Choose One ---Capit'  using regular expression

2018-04-17 09:25:25 - [TEST_STEP][PASSED] - selectOptionByValue: All options with value 'harp' are selected in object 'Object Repository/Plans and Products/Page_PNDS (9)/select_--- Choose One ---Capit'  using regular expression

2018-04-17 09:25:25 - [MESSAGE][PASSED] - All options with value 'harp' are selected in object 'Object Repository/Plans and Products/Page_PNDS (9)/select_--- Choose One ---Capit'  using regular expression

2018-04-17 09:25:25 - [TEST_STEP][PASSED] - selectOptionByValue: All options with value 'indivnonstsilver1,indivnonstsilver1,indivnonstsilver2,indivnonstsilver2,indivnonstbronze1,indivnonstbronze1,indivcatastrophic,indivstplatinum,indivstgold,indivstsilver,indivstbronze,indivstplatinum,indivstgold,indivstsilver,indivstbronze,indivchildonlybronze,indivchildonlygold,indivchildonlyplatinum,indivchildonlysilver,indivnonstplatinum1,indivnonstplatinum1,indivnonstgold1,indivnonstgold1' are selected in object 'Object Repository/Plans and Products/Page_PNDS (9)/select_--- Choose One ---Capit'  using regular expression

2018-04-17 09:25:26 - [MESSAGE][PASSED] - All options with value 'indivnonstsilver1,indivnonstsilver1,indivnonstsilver2,indivnonstsilver2,indivnonstbronze1,indivnonstbronze1,indivcatastrophic,indivstplatinum,indivstgold,indivstsilver,indivstbronze,indivstplatinum,indivstgold,indivstsilver,indivstbronze,indivchildonlybronze,indivchildonlygold,indivchildonlyplatinum,indivchildonlysilver,indivnonstplatinum1,indivnonstplatinum1,indivnonstgold1,indivnonstgold1' are selected in object 'Object Repository/Plans and Products/Page_PNDS (9)/select_--- Choose One ---Capit'  using regular expression

2018-04-17 09:25:26 - [TEST_STEP][PASSED] - selectOptionByValue: All options with value 'medicaidprovider' are selected in object 'Object Repository/Plans and Products/Page_PNDS (9)/select_--- Choose One ---Capit'  using regular expression

2018-04-17 09:25:27 - [MESSAGE][PASSED] - All options with value 'medicaidprovider' are selected in object 'Object Repository/Plans and Products/Page_PNDS (9)/select_--- Choose One ---Capit'  using regular expression

2018-04-17 09:25:27 - [TEST_STEP][PASSED] - closeBrowser: Browser is closed

2018-04-17 09:25:27 - [MESSAGE][PASSED] - Browser is closed]]></system-out>
         <system-err><![CDATA[]]></system-err>
      </testcase>
      <testcase name="Test Cases/Health Plans and their Products/Catholic Health" classname="Test Cases/Health Plans and their Products/Catholic Health" status="PASSED">
         <system-out><![CDATA[2018-04-17 09:25:27 - [TEST_CASE][PASSED] - Test Cases/Health Plans and their Products/Catholic Health: Test Cases/Health Plans and their Products/Catholic Health

2018-04-17 09:25:27 - [TEST_STEP][PASSED] - openBrowser: Browser is opened with url: ''

2018-04-17 09:25:30 - [MESSAGE][PASSED] - Browser is opened with url: ''

2018-04-17 09:25:30 - [TEST_STEP][PASSED] - navigateToUrl: Navigate to 'http://dev.providerlookup.ipro.org/' successfully

2018-04-17 09:25:32 - [MESSAGE][PASSED] - Navigate to 'http://dev.providerlookup.ipro.org/' successfully

2018-04-17 09:25:32 - [TEST_STEP][PASSED] - click: Object: 'Object Repository/Plans and Products/Page_PNDS (10)/a_Search by Health Plan' is clicked on

2018-04-17 09:25:33 - [MESSAGE][PASSED] - Object: 'Object Repository/Plans and Products/Page_PNDS (10)/a_Search by Health Plan' is clicked on

2018-04-17 09:25:33 - [TEST_STEP][PASSED] - selectOptionByValue: All options with value '0016' are selected in object 'Object Repository/Plans and Products/Page_PNDS (10)/select_--- Choose one ---Aetna'  using regular expression

2018-04-17 09:25:35 - [MESSAGE][PASSED] - All options with value '0016' are selected in object 'Object Repository/Plans and Products/Page_PNDS (10)/select_--- Choose one ---Aetna'  using regular expression

2018-04-17 09:25:35 - [TEST_STEP][PASSED] - selectOptionByValue: All options with value 'pace' are selected in object 'Object Repository/Plans and Products/Page_PNDS (10)/select_--- Choose One ---Catho'  using regular expression

2018-04-17 09:25:35 - [MESSAGE][PASSED] - All options with value 'pace' are selected in object 'Object Repository/Plans and Products/Page_PNDS (10)/select_--- Choose One ---Catho'  using regular expression

2018-04-17 09:25:35 - [TEST_STEP][PASSED] - closeBrowser: Browser is closed

2018-04-17 09:25:35 - [MESSAGE][PASSED] - Browser is closed]]></system-out>
         <system-err><![CDATA[]]></system-err>
      </testcase>
      <testcase name="Test Cases/Health Plans and their Products/Centerlight Health" classname="Test Cases/Health Plans and their Products/Centerlight Health" status="PASSED">
         <system-out><![CDATA[2018-04-17 09:25:35 - [TEST_CASE][PASSED] - Test Cases/Health Plans and their Products/Centerlight Health: Test Cases/Health Plans and their Products/Centerlight Health

2018-04-17 09:25:35 - [TEST_STEP][PASSED] - openBrowser: Browser is opened with url: ''

2018-04-17 09:25:38 - [MESSAGE][PASSED] - Browser is opened with url: ''

2018-04-17 09:25:38 - [TEST_STEP][PASSED] - navigateToUrl: Navigate to 'http://dev.providerlookup.ipro.org/' successfully

2018-04-17 09:25:40 - [MESSAGE][PASSED] - Navigate to 'http://dev.providerlookup.ipro.org/' successfully

2018-04-17 09:25:40 - [TEST_STEP][PASSED] - click: Object: 'Object Repository/Plans and Products/Page_PNDS (11)/a_Search by Health Plan' is clicked on

2018-04-17 09:25:42 - [MESSAGE][PASSED] - Object: 'Object Repository/Plans and Products/Page_PNDS (11)/a_Search by Health Plan' is clicked on

2018-04-17 09:25:42 - [TEST_STEP][PASSED] - selectOptionByValue: All options with value '0020' are selected in object 'Object Repository/Plans and Products/Page_PNDS (11)/select_--- Choose one ---Aetna'  using regular expression

2018-04-17 09:25:44 - [MESSAGE][PASSED] - All options with value '0020' are selected in object 'Object Repository/Plans and Products/Page_PNDS (11)/select_--- Choose one ---Aetna'  using regular expression

2018-04-17 09:25:44 - [TEST_STEP][PASSED] - selectOptionByValue: All options with value 'pace' are selected in object 'Object Repository/Plans and Products/Page_PNDS (11)/select_--- Choose One ---Cente'  using regular expression

2018-04-17 09:25:44 - [MESSAGE][PASSED] - All options with value 'pace' are selected in object 'Object Repository/Plans and Products/Page_PNDS (11)/select_--- Choose One ---Cente'  using regular expression

2018-04-17 09:25:44 - [TEST_STEP][PASSED] - closeBrowser: Browser is closed

2018-04-17 09:25:44 - [MESSAGE][PASSED] - Browser is closed]]></system-out>
         <system-err><![CDATA[]]></system-err>
      </testcase>
      <testcase name="Test Cases/Health Plans and their Products/Centers Plan for Healthy living" classname="Test Cases/Health Plans and their Products/Centers Plan for Healthy living" status="PASSED">
         <system-out><![CDATA[2018-04-17 09:25:44 - [TEST_CASE][PASSED] - Test Cases/Health Plans and their Products/Centers Plan for Healthy living: Test Cases/Health Plans and their Products/Centers Plan for Healthy living

2018-04-17 09:25:45 - [TEST_STEP][PASSED] - openBrowser: Browser is opened with url: ''

2018-04-17 09:25:48 - [MESSAGE][PASSED] - Browser is opened with url: ''

2018-04-17 09:25:48 - [TEST_STEP][PASSED] - navigateToUrl: Navigate to 'http://dev.providerlookup.ipro.org/' successfully

2018-04-17 09:25:49 - [MESSAGE][PASSED] - Navigate to 'http://dev.providerlookup.ipro.org/' successfully

2018-04-17 09:25:49 - [TEST_STEP][PASSED] - click: Object: 'Object Repository/Plans and Products/Page_PNDS (12)/a_Search by Health Plan' is clicked on

2018-04-17 09:25:50 - [MESSAGE][PASSED] - Object: 'Object Repository/Plans and Products/Page_PNDS (12)/a_Search by Health Plan' is clicked on

2018-04-17 09:25:50 - [TEST_STEP][PASSED] - selectOptionByValue: All options with value '0096' are selected in object 'Object Repository/Plans and Products/Page_PNDS (12)/select_--- Choose one ---Aetna'  using regular expression

2018-04-17 09:25:52 - [MESSAGE][PASSED] - All options with value '0096' are selected in object 'Object Repository/Plans and Products/Page_PNDS (12)/select_--- Choose one ---Aetna'  using regular expression

2018-04-17 09:25:52 - [TEST_STEP][PASSED] - selectOptionByValue: All options with value 'fida' are selected in object 'Object Repository/Plans and Products/Page_PNDS (12)/select_--- Choose One ---Cente'  using regular expression

2018-04-17 09:25:53 - [MESSAGE][PASSED] - All options with value 'fida' are selected in object 'Object Repository/Plans and Products/Page_PNDS (12)/select_--- Choose One ---Cente'  using regular expression

2018-04-17 09:25:53 - [TEST_STEP][PASSED] - selectOptionByValue: All options with value 'partialcaps' are selected in object 'Object Repository/Plans and Products/Page_PNDS (12)/select_--- Choose One ---Cente'  using regular expression

2018-04-17 09:25:53 - [MESSAGE][PASSED] - All options with value 'partialcaps' are selected in object 'Object Repository/Plans and Products/Page_PNDS (12)/select_--- Choose One ---Cente'  using regular expression

2018-04-17 09:25:53 - [TEST_STEP][PASSED] - closeBrowser: Browser is closed

2018-04-17 09:25:53 - [MESSAGE][PASSED] - Browser is closed]]></system-out>
         <system-err><![CDATA[]]></system-err>
      </testcase>
      <testcase name="Test Cases/Health Plans and their Products/Cigna" classname="Test Cases/Health Plans and their Products/Cigna" status="PASSED">
         <system-out><![CDATA[2018-04-17 09:25:53 - [TEST_CASE][PASSED] - Test Cases/Health Plans and their Products/Cigna: Test Cases/Health Plans and their Products/Cigna

2018-04-17 09:25:53 - [TEST_STEP][PASSED] - openBrowser: Browser is opened with url: ''

2018-04-17 09:25:56 - [MESSAGE][PASSED] - Browser is opened with url: ''

2018-04-17 09:25:56 - [TEST_STEP][PASSED] - navigateToUrl: Navigate to 'http://dev.providerlookup.ipro.org/' successfully

2018-04-17 09:25:58 - [MESSAGE][PASSED] - Navigate to 'http://dev.providerlookup.ipro.org/' successfully

2018-04-17 09:25:58 - [TEST_STEP][PASSED] - click: Object: 'Object Repository/Plans and Products/Page_PNDS (13)/a_Search by Health Plan' is clicked on

2018-04-17 09:25:59 - [MESSAGE][PASSED] - Object: 'Object Repository/Plans and Products/Page_PNDS (13)/a_Search by Health Plan' is clicked on

2018-04-17 09:25:59 - [TEST_STEP][PASSED] - selectOptionByValue: All options with value '0157' are selected in object 'Object Repository/Plans and Products/Page_PNDS (13)/select_--- Choose one ---Aetna'  using regular expression

2018-04-17 09:26:01 - [MESSAGE][PASSED] - All options with value '0157' are selected in object 'Object Repository/Plans and Products/Page_PNDS (13)/select_--- Choose one ---Aetna'  using regular expression

2018-04-17 09:26:01 - [TEST_STEP][PASSED] - selectOptionByValue: All options with value 'nonmcodental' are selected in object 'Object Repository/Plans and Products/Page_PNDS (13)/select_--- Choose One ---Cigna'  using regular expression

2018-04-17 09:26:02 - [MESSAGE][PASSED] - All options with value 'nonmcodental' are selected in object 'Object Repository/Plans and Products/Page_PNDS (13)/select_--- Choose One ---Cigna'  using regular expression

2018-04-17 09:26:02 - [TEST_STEP][PASSED] - selectOptionByValue: All options with value 'nonmcovision' are selected in object 'Object Repository/Plans and Products/Page_PNDS (13)/select_--- Choose One ---Cigna'  using regular expression

2018-04-17 09:26:02 - [MESSAGE][PASSED] - All options with value 'nonmcovision' are selected in object 'Object Repository/Plans and Products/Page_PNDS (13)/select_--- Choose One ---Cigna'  using regular expression

2018-04-17 09:26:02 - [TEST_STEP][PASSED] - selectOptionByValue: All options with value 'nonmcodental,skp_002' are selected in object 'Object Repository/Plans and Products/Page_PNDS (13)/select_--- Choose One ---Cigna'  using regular expression

2018-04-17 09:26:03 - [MESSAGE][PASSED] - All options with value 'nonmcodental,skp_002' are selected in object 'Object Repository/Plans and Products/Page_PNDS (13)/select_--- Choose One ---Cigna'  using regular expression

2018-04-17 09:26:03 - [TEST_STEP][PASSED] - selectOptionByValue: All options with value 'nonmcomedical' are selected in object 'Object Repository/Plans and Products/Page_PNDS (13)/select_--- Choose One ---Cigna'  using regular expression

2018-04-17 09:26:03 - [MESSAGE][PASSED] - All options with value 'nonmcomedical' are selected in object 'Object Repository/Plans and Products/Page_PNDS (13)/select_--- Choose One ---Cigna'  using regular expression

2018-04-17 09:26:03 - [TEST_STEP][PASSED] - selectOptionByValue: All options with value 'nonmcomedical,skp_004' are selected in object 'Object Repository/Plans and Products/Page_PNDS (13)/select_--- Choose One ---Cigna'  using regular expression

2018-04-17 09:26:04 - [MESSAGE][PASSED] - All options with value 'nonmcomedical,skp_004' are selected in object 'Object Repository/Plans and Products/Page_PNDS (13)/select_--- Choose One ---Cigna'  using regular expression

2018-04-17 09:26:04 - [TEST_STEP][PASSED] - selectOptionByValue: All options with value 'nonmcomedical,skp_005' are selected in object 'Object Repository/Plans and Products/Page_PNDS (13)/select_--- Choose One ---Cigna'  using regular expression

2018-04-17 09:26:04 - [MESSAGE][PASSED] - All options with value 'nonmcomedical,skp_005' are selected in object 'Object Repository/Plans and Products/Page_PNDS (13)/select_--- Choose One ---Cigna'  using regular expression

2018-04-17 09:26:04 - [TEST_STEP][PASSED] - closeBrowser: Browser is closed

2018-04-17 09:26:04 - [MESSAGE][PASSED] - Browser is closed]]></system-out>
         <system-err><![CDATA[]]></system-err>
      </testcase>
      <testcase name="Test Cases/Health Plans and their Products/Commercial Travelers" classname="Test Cases/Health Plans and their Products/Commercial Travelers" status="PASSED">
         <system-out><![CDATA[2018-04-17 09:26:04 - [TEST_CASE][PASSED] - Test Cases/Health Plans and their Products/Commercial Travelers: Test Cases/Health Plans and their Products/Commercial Travelers

2018-04-17 09:26:05 - [TEST_STEP][PASSED] - openBrowser: Browser is opened with url: ''

2018-04-17 09:26:08 - [MESSAGE][PASSED] - Browser is opened with url: ''

2018-04-17 09:26:08 - [TEST_STEP][PASSED] - navigateToUrl: Navigate to 'http://dev.providerlookup.ipro.org/' successfully

2018-04-17 09:26:09 - [MESSAGE][PASSED] - Navigate to 'http://dev.providerlookup.ipro.org/' successfully

2018-04-17 09:26:09 - [TEST_STEP][PASSED] - click: Object: 'Object Repository/Plans and Products/Page_PNDS (14)/a_Search by Health Plan' is clicked on

2018-04-17 09:26:10 - [MESSAGE][PASSED] - Object: 'Object Repository/Plans and Products/Page_PNDS (14)/a_Search by Health Plan' is clicked on

2018-04-17 09:26:10 - [TEST_STEP][PASSED] - selectOptionByValue: All options with value '0021' are selected in object 'Object Repository/Plans and Products/Page_PNDS (14)/select_--- Choose one ---Aetna'  using regular expression

2018-04-17 09:26:12 - [MESSAGE][PASSED] - All options with value '0021' are selected in object 'Object Repository/Plans and Products/Page_PNDS (14)/select_--- Choose one ---Aetna'  using regular expression

2018-04-17 09:26:12 - [TEST_STEP][PASSED] - selectOptionByValue: All options with value 'nonmcomedical' are selected in object 'Object Repository/Plans and Products/Page_PNDS (14)/select_--- Choose One ---Comme'  using regular expression

2018-04-17 09:26:13 - [MESSAGE][PASSED] - All options with value 'nonmcomedical' are selected in object 'Object Repository/Plans and Products/Page_PNDS (14)/select_--- Choose One ---Comme'  using regular expression

2018-04-17 09:26:13 - [TEST_STEP][PASSED] - selectOptionByValue: All options with value 'nonmcomedical,skp_001' are selected in object 'Object Repository/Plans and Products/Page_PNDS (14)/select_--- Choose One ---Comme'  using regular expression

2018-04-17 09:26:13 - [MESSAGE][PASSED] - All options with value 'nonmcomedical,skp_001' are selected in object 'Object Repository/Plans and Products/Page_PNDS (14)/select_--- Choose One ---Comme'  using regular expression

2018-04-17 09:26:13 - [TEST_STEP][PASSED] - selectOptionByValue: All options with value 'nonmcomedical,skp_002' are selected in object 'Object Repository/Plans and Products/Page_PNDS (14)/select_--- Choose One ---Comme'  using regular expression

2018-04-17 09:26:13 - [MESSAGE][PASSED] - All options with value 'nonmcomedical,skp_002' are selected in object 'Object Repository/Plans and Products/Page_PNDS (14)/select_--- Choose One ---Comme'  using regular expression

2018-04-17 09:26:13 - [TEST_STEP][PASSED] - closeBrowser: Browser is closed

2018-04-17 09:26:14 - [MESSAGE][PASSED] - Browser is closed]]></system-out>
         <system-err><![CDATA[]]></system-err>
      </testcase>
      <testcase name="Test Cases/Health Plans and their Products/Complete Senior Care" classname="Test Cases/Health Plans and their Products/Complete Senior Care" status="PASSED">
         <system-out><![CDATA[2018-04-17 09:26:14 - [TEST_CASE][PASSED] - Test Cases/Health Plans and their Products/Complete Senior Care: Test Cases/Health Plans and their Products/Complete Senior Care

2018-04-17 09:26:14 - [TEST_STEP][PASSED] - openBrowser: Browser is opened with url: ''

2018-04-17 09:26:17 - [MESSAGE][PASSED] - Browser is opened with url: ''

2018-04-17 09:26:17 - [TEST_STEP][PASSED] - navigateToUrl: Navigate to 'http://dev.providerlookup.ipro.org/' successfully

2018-04-17 09:26:18 - [MESSAGE][PASSED] - Navigate to 'http://dev.providerlookup.ipro.org/' successfully

2018-04-17 09:26:18 - [TEST_STEP][PASSED] - click: Object: 'Object Repository/Plans and Products/Page_PNDS (15)/a_Search by Health Plan' is clicked on

2018-04-17 09:26:19 - [MESSAGE][PASSED] - Object: 'Object Repository/Plans and Products/Page_PNDS (15)/a_Search by Health Plan' is clicked on

2018-04-17 09:26:19 - [TEST_STEP][PASSED] - selectOptionByValue: All options with value '0022' are selected in object 'Object Repository/Plans and Products/Page_PNDS (15)/select_--- Choose one ---Aetna'  using regular expression

2018-04-17 09:26:21 - [MESSAGE][PASSED] - All options with value '0022' are selected in object 'Object Repository/Plans and Products/Page_PNDS (15)/select_--- Choose one ---Aetna'  using regular expression

2018-04-17 09:26:21 - [TEST_STEP][PASSED] - selectOptionByValue: All options with value 'pace' are selected in object 'Object Repository/Plans and Products/Page_PNDS (15)/select_--- Choose One ---Compl'  using regular expression

2018-04-17 09:26:22 - [MESSAGE][PASSED] - All options with value 'pace' are selected in object 'Object Repository/Plans and Products/Page_PNDS (15)/select_--- Choose One ---Compl'  using regular expression

2018-04-17 09:26:22 - [TEST_STEP][PASSED] - closeBrowser: Browser is closed

2018-04-17 09:26:22 - [MESSAGE][PASSED] - Browser is closed]]></system-out>
         <system-err><![CDATA[]]></system-err>
      </testcase>
      <testcase name="Test Cases/Health Plans and their Products/Consolidated health" classname="Test Cases/Health Plans and their Products/Consolidated health" status="PASSED">
         <system-out><![CDATA[2018-04-17 09:26:22 - [TEST_CASE][PASSED] - Test Cases/Health Plans and their Products/Consolidated health: Test Cases/Health Plans and their Products/Consolidated health

2018-04-17 09:26:22 - [TEST_STEP][PASSED] - openBrowser: Browser is opened with url: ''

2018-04-17 09:26:25 - [MESSAGE][PASSED] - Browser is opened with url: ''

2018-04-17 09:26:25 - [TEST_STEP][PASSED] - navigateToUrl: Navigate to 'http://dev.providerlookup.ipro.org/' successfully

2018-04-17 09:26:28 - [MESSAGE][PASSED] - Navigate to 'http://dev.providerlookup.ipro.org/' successfully

2018-04-17 09:26:28 - [TEST_STEP][PASSED] - click: Object: 'Object Repository/Plans and Products/Page_PNDS (16)/a_Search by Health Plan' is clicked on

2018-04-17 09:26:29 - [MESSAGE][PASSED] - Object: 'Object Repository/Plans and Products/Page_PNDS (16)/a_Search by Health Plan' is clicked on

2018-04-17 09:26:29 - [TEST_STEP][PASSED] - selectOptionByValue: All options with value '0168' are selected in object 'Object Repository/Plans and Products/Page_PNDS (16)/select_--- Choose one ---Aetna'  using regular expression

2018-04-17 09:26:31 - [MESSAGE][PASSED] - All options with value '0168' are selected in object 'Object Repository/Plans and Products/Page_PNDS (16)/select_--- Choose one ---Aetna'  using regular expression

2018-04-17 09:26:31 - [TEST_STEP][PASSED] - selectOptionByValue: All options with value 'nonmcomedical' are selected in object 'Object Repository/Plans and Products/Page_PNDS (16)/select_--- Choose One ---Conso'  using regular expression

2018-04-17 09:26:31 - [MESSAGE][PASSED] - All options with value 'nonmcomedical' are selected in object 'Object Repository/Plans and Products/Page_PNDS (16)/select_--- Choose One ---Conso'  using regular expression

2018-04-17 09:26:31 - [TEST_STEP][PASSED] - selectOptionByValue: All options with value 'nonmcomedical,skp_001' are selected in object 'Object Repository/Plans and Products/Page_PNDS (16)/select_--- Choose One ---Conso'  using regular expression

2018-04-17 09:26:31 - [MESSAGE][PASSED] - All options with value 'nonmcomedical,skp_001' are selected in object 'Object Repository/Plans and Products/Page_PNDS (16)/select_--- Choose One ---Conso'  using regular expression

2018-04-17 09:26:31 - [TEST_STEP][PASSED] - selectOptionByValue: All options with value 'nonmcomedical,skp_002' are selected in object 'Object Repository/Plans and Products/Page_PNDS (16)/select_--- Choose One ---Conso'  using regular expression

2018-04-17 09:26:32 - [MESSAGE][PASSED] - All options with value 'nonmcomedical,skp_002' are selected in object 'Object Repository/Plans and Products/Page_PNDS (16)/select_--- Choose One ---Conso'  using regular expression

2018-04-17 09:26:32 - [TEST_STEP][PASSED] - closeBrowser: Browser is closed

2018-04-17 09:26:32 - [MESSAGE][PASSED] - Browser is closed]]></system-out>
         <system-err><![CDATA[]]></system-err>
      </testcase>
      <testcase name="Test Cases/Health Plans and their Products/CrystalRun" classname="Test Cases/Health Plans and their Products/CrystalRun" status="PASSED">
         <system-out><![CDATA[2018-04-17 09:26:32 - [TEST_CASE][PASSED] - Test Cases/Health Plans and their Products/CrystalRun: Test Cases/Health Plans and their Products/CrystalRun

2018-04-17 09:26:32 - [TEST_STEP][PASSED] - openBrowser: Browser is opened with url: ''

2018-04-17 09:26:35 - [MESSAGE][PASSED] - Browser is opened with url: ''

2018-04-17 09:26:35 - [TEST_STEP][PASSED] - navigateToUrl: Navigate to 'http://dev.providerlookup.ipro.org/' successfully

2018-04-17 09:26:39 - [MESSAGE][PASSED] - Navigate to 'http://dev.providerlookup.ipro.org/' successfully

2018-04-17 09:26:39 - [TEST_STEP][PASSED] - click: Object: 'Object Repository/Plans and Products/Page_PNDS (17)/a_Search by Health Plan' is clicked on

2018-04-17 09:26:40 - [MESSAGE][PASSED] - Object: 'Object Repository/Plans and Products/Page_PNDS (17)/a_Search by Health Plan' is clicked on

2018-04-17 09:26:40 - [TEST_STEP][PASSED] - selectOptionByValue: All options with value '0023' are selected in object 'Object Repository/Plans and Products/Page_PNDS (17)/select_--- Choose one ---Aetna'  using regular expression

2018-04-17 09:26:42 - [MESSAGE][PASSED] - All options with value '0023' are selected in object 'Object Repository/Plans and Products/Page_PNDS (17)/select_--- Choose one ---Aetna'  using regular expression

2018-04-17 09:26:42 - [TEST_STEP][PASSED] - selectOptionByValue: All options with value 'commercialprovider' are selected in object 'Object Repository/Plans and Products/Page_PNDS (17)/select_--- Choose One ---Cryst'  using regular expression

2018-04-17 09:26:43 - [MESSAGE][PASSED] - All options with value 'commercialprovider' are selected in object 'Object Repository/Plans and Products/Page_PNDS (17)/select_--- Choose One ---Cryst'  using regular expression

2018-04-17 09:26:43 - [TEST_STEP][PASSED] - selectOptionByValue: All options with value 'bhp,bhpplus' are selected in object 'Object Repository/Plans and Products/Page_PNDS (17)/select_--- Choose One ---Cryst'  using regular expression

2018-04-17 09:26:43 - [MESSAGE][PASSED] - All options with value 'bhp,bhpplus' are selected in object 'Object Repository/Plans and Products/Page_PNDS (17)/select_--- Choose One ---Cryst'  using regular expression

2018-04-17 09:26:43 - [TEST_STEP][PASSED] - selectOptionByValue: All options with value 'medicaidprovider' are selected in object 'Object Repository/Plans and Products/Page_PNDS (17)/select_--- Choose One ---Cryst'  using regular expression

2018-04-17 09:26:43 - [MESSAGE][PASSED] - All options with value 'medicaidprovider' are selected in object 'Object Repository/Plans and Products/Page_PNDS (17)/select_--- Choose One ---Cryst'  using regular expression

2018-04-17 09:26:43 - [TEST_STEP][PASSED] - closeBrowser: Browser is closed

2018-04-17 09:26:44 - [MESSAGE][PASSED] - Browser is closed]]></system-out>
         <system-err><![CDATA[]]></system-err>
      </testcase>
      <testcase name="Test Cases/Health Plans and their Products/Delaware American Life insurance" classname="Test Cases/Health Plans and their Products/Delaware American Life insurance" status="PASSED">
         <system-out><![CDATA[2018-04-17 09:26:44 - [TEST_CASE][PASSED] - Test Cases/Health Plans and their Products/Delaware American Life insurance: Test Cases/Health Plans and their Products/Delaware American Life insurance

2018-04-17 09:26:44 - [TEST_STEP][PASSED] - openBrowser: Browser is opened with url: ''

2018-04-17 09:26:47 - [MESSAGE][PASSED] - Browser is opened with url: ''

2018-04-17 09:26:47 - [TEST_STEP][PASSED] - navigateToUrl: Navigate to 'http://dev.providerlookup.ipro.org/' successfully

2018-04-17 09:26:51 - [MESSAGE][PASSED] - Navigate to 'http://dev.providerlookup.ipro.org/' successfully

2018-04-17 09:26:51 - [TEST_STEP][PASSED] - click: Object: 'Object Repository/Plans and Products/Page_PNDS (18)/a_Search by Health Plan' is clicked on

2018-04-17 09:26:52 - [MESSAGE][PASSED] - Object: 'Object Repository/Plans and Products/Page_PNDS (18)/a_Search by Health Plan' is clicked on

2018-04-17 09:26:52 - [TEST_STEP][PASSED] - selectOptionByValue: All options with value '0159' are selected in object 'Object Repository/Plans and Products/Page_PNDS (18)/select_--- Choose one ---Aetna'  using regular expression

2018-04-17 09:26:54 - [MESSAGE][PASSED] - All options with value '0159' are selected in object 'Object Repository/Plans and Products/Page_PNDS (18)/select_--- Choose one ---Aetna'  using regular expression

2018-04-17 09:26:54 - [TEST_STEP][PASSED] - selectOptionByValue: All options with value 'nonmcomedical' are selected in object 'Object Repository/Plans and Products/Page_PNDS (18)/select_--- Choose One ---Delaw'  using regular expression

2018-04-17 09:26:54 - [MESSAGE][PASSED] - All options with value 'nonmcomedical' are selected in object 'Object Repository/Plans and Products/Page_PNDS (18)/select_--- Choose One ---Delaw'  using regular expression

2018-04-17 09:26:54 - [TEST_STEP][PASSED] - selectOptionByValue: All options with value 'nonmcomedical,skp_001' are selected in object 'Object Repository/Plans and Products/Page_PNDS (18)/select_--- Choose One ---Delaw'  using regular expression

2018-04-17 09:26:55 - [MESSAGE][PASSED] - All options with value 'nonmcomedical,skp_001' are selected in object 'Object Repository/Plans and Products/Page_PNDS (18)/select_--- Choose One ---Delaw'  using regular expression

2018-04-17 09:26:55 - [TEST_STEP][PASSED] - selectOptionByValue: All options with value 'nonmcomedical,skp_002' are selected in object 'Object Repository/Plans and Products/Page_PNDS (18)/select_--- Choose One ---Delaw'  using regular expression

2018-04-17 09:26:55 - [MESSAGE][PASSED] - All options with value 'nonmcomedical,skp_002' are selected in object 'Object Repository/Plans and Products/Page_PNDS (18)/select_--- Choose One ---Delaw'  using regular expression

2018-04-17 09:26:55 - [TEST_STEP][PASSED] - selectOptionByValue: All options with value 'nonmcomedical,skp_003' are selected in object 'Object Repository/Plans and Products/Page_PNDS (18)/select_--- Choose One ---Delaw'  using regular expression

2018-04-17 09:26:56 - [MESSAGE][PASSED] - All options with value 'nonmcomedical,skp_003' are selected in object 'Object Repository/Plans and Products/Page_PNDS (18)/select_--- Choose One ---Delaw'  using regular expression

2018-04-17 09:26:56 - [TEST_STEP][PASSED] - closeBrowser: Browser is closed

2018-04-17 09:26:56 - [MESSAGE][PASSED] - Browser is closed]]></system-out>
         <system-err><![CDATA[]]></system-err>
      </testcase>
      <testcase name="Test Cases/Health Plans and their Products/Delta Dental of New York" classname="Test Cases/Health Plans and their Products/Delta Dental of New York" status="PASSED">
         <system-out><![CDATA[2018-04-17 09:26:56 - [TEST_CASE][PASSED] - Test Cases/Health Plans and their Products/Delta Dental of New York: Test Cases/Health Plans and their Products/Delta Dental of New York

2018-04-17 09:26:56 - [TEST_STEP][PASSED] - openBrowser: Browser is opened with url: ''

2018-04-17 09:26:59 - [MESSAGE][PASSED] - Browser is opened with url: ''

2018-04-17 09:26:59 - [TEST_STEP][PASSED] - navigateToUrl: Navigate to 'http://dev.providerlookup.ipro.org/' successfully

2018-04-17 09:27:03 - [MESSAGE][PASSED] - Navigate to 'http://dev.providerlookup.ipro.org/' successfully

2018-04-17 09:27:03 - [TEST_STEP][PASSED] - click: Object: 'Object Repository/Plans and Products/Page_PNDS (19)/a_Search by Health Plan' is clicked on

2018-04-17 09:27:04 - [MESSAGE][PASSED] - Object: 'Object Repository/Plans and Products/Page_PNDS (19)/a_Search by Health Plan' is clicked on

2018-04-17 09:27:04 - [TEST_STEP][PASSED] - selectOptionByValue: All options with value '0024' are selected in object 'Object Repository/Plans and Products/Page_PNDS (19)/select_--- Choose one ---Aetna'  using regular expression

2018-04-17 09:27:06 - [MESSAGE][PASSED] - All options with value '0024' are selected in object 'Object Repository/Plans and Products/Page_PNDS (19)/select_--- Choose one ---Aetna'  using regular expression

2018-04-17 09:27:06 - [TEST_STEP][PASSED] - selectOptionByValue: All options with value 'indivpeddentalhigh,indivadultdental' are selected in object 'Object Repository/Plans and Products/Page_PNDS (19)/select_--- Choose One ---Delta'  using regular expression

2018-04-17 09:27:07 - [MESSAGE][PASSED] - All options with value 'indivpeddentalhigh,indivadultdental' are selected in object 'Object Repository/Plans and Products/Page_PNDS (19)/select_--- Choose One ---Delta'  using regular expression

2018-04-17 09:27:07 - [TEST_STEP][PASSED] - selectOptionByValue: All options with value 'indivfamdental' are selected in object 'Object Repository/Plans and Products/Page_PNDS (19)/select_--- Choose One ---Delta'  using regular expression

2018-04-17 09:27:07 - [MESSAGE][PASSED] - All options with value 'indivfamdental' are selected in object 'Object Repository/Plans and Products/Page_PNDS (19)/select_--- Choose One ---Delta'  using regular expression

2018-04-17 09:27:07 - [TEST_STEP][PASSED] - selectOptionByValue: All options with value 'shopfamdental' are selected in object 'Object Repository/Plans and Products/Page_PNDS (19)/select_--- Choose One ---Delta'  using regular expression

2018-04-17 09:27:08 - [MESSAGE][PASSED] - All options with value 'shopfamdental' are selected in object 'Object Repository/Plans and Products/Page_PNDS (19)/select_--- Choose One ---Delta'  using regular expression

2018-04-17 09:27:08 - [TEST_STEP][PASSED] - selectOptionByValue: All options with value 'shoppeddentalhigh,shopadultdental' are selected in object 'Object Repository/Plans and Products/Page_PNDS (19)/select_--- Choose One ---Delta'  using regular expression

2018-04-17 09:27:08 - [MESSAGE][PASSED] - All options with value 'shoppeddentalhigh,shopadultdental' are selected in object 'Object Repository/Plans and Products/Page_PNDS (19)/select_--- Choose One ---Delta'  using regular expression

2018-04-17 09:27:08 - [TEST_STEP][PASSED] - selectOptionByValue: All options with value 'nonmcodental' are selected in object 'Object Repository/Plans and Products/Page_PNDS (19)/select_--- Choose One ---Delta'  using regular expression

2018-04-17 09:27:09 - [MESSAGE][PASSED] - All options with value 'nonmcodental' are selected in object 'Object Repository/Plans and Products/Page_PNDS (19)/select_--- Choose One ---Delta'  using regular expression

2018-04-17 09:27:09 - [TEST_STEP][PASSED] - closeBrowser: Browser is closed

2018-04-17 09:27:09 - [MESSAGE][PASSED] - Browser is closed]]></system-out>
         <system-err><![CDATA[]]></system-err>
      </testcase>
      <testcase name="Test Cases/Health Plans and their Products/Dental Health Alliance" classname="Test Cases/Health Plans and their Products/Dental Health Alliance" status="PASSED">
         <system-out><![CDATA[2018-04-17 09:27:09 - [TEST_CASE][PASSED] - Test Cases/Health Plans and their Products/Dental Health Alliance: Test Cases/Health Plans and their Products/Dental Health Alliance

2018-04-17 09:27:09 - [TEST_STEP][PASSED] - openBrowser: Browser is opened with url: ''

2018-04-17 09:27:12 - [MESSAGE][PASSED] - Browser is opened with url: ''

2018-04-17 09:27:12 - [TEST_STEP][PASSED] - navigateToUrl: Navigate to 'http://dev.providerlookup.ipro.org/' successfully

2018-04-17 09:27:16 - [MESSAGE][PASSED] - Navigate to 'http://dev.providerlookup.ipro.org/' successfully

2018-04-17 09:27:16 - [TEST_STEP][PASSED] - click: Object: 'Object Repository/Plans and Products/Page_PNDS (20)/a_Search by Health Plan' is clicked on

2018-04-17 09:27:17 - [MESSAGE][PASSED] - Object: 'Object Repository/Plans and Products/Page_PNDS (20)/a_Search by Health Plan' is clicked on

2018-04-17 09:27:17 - [TEST_STEP][PASSED] - selectOptionByValue: All options with value '0164' are selected in object 'Object Repository/Plans and Products/Page_PNDS (20)/select_--- Choose one ---Aetna'  using regular expression

2018-04-17 09:27:19 - [MESSAGE][PASSED] - All options with value '0164' are selected in object 'Object Repository/Plans and Products/Page_PNDS (20)/select_--- Choose one ---Aetna'  using regular expression

2018-04-17 09:27:19 - [TEST_STEP][PASSED] - selectOptionByValue: All options with value 'nonmcodental' are selected in object 'Object Repository/Plans and Products/Page_PNDS (20)/select_--- Choose One ---Denta'  using regular expression

2018-04-17 09:27:19 - [MESSAGE][PASSED] - All options with value 'nonmcodental' are selected in object 'Object Repository/Plans and Products/Page_PNDS (20)/select_--- Choose One ---Denta'  using regular expression

2018-04-17 09:27:19 - [TEST_STEP][PASSED] - closeBrowser: Browser is closed

2018-04-17 09:27:20 - [MESSAGE][PASSED] - Browser is closed]]></system-out>
         <system-err><![CDATA[]]></system-err>
      </testcase>
      <testcase name="Test Cases/Health Plans and their Products/DentCare" classname="Test Cases/Health Plans and their Products/DentCare" status="PASSED">
         <system-out><![CDATA[2018-04-17 09:27:20 - [TEST_CASE][PASSED] - Test Cases/Health Plans and their Products/DentCare: Test Cases/Health Plans and their Products/DentCare

2018-04-17 09:27:20 - [TEST_STEP][PASSED] - openBrowser: Browser is opened with url: ''

2018-04-17 09:27:23 - [MESSAGE][PASSED] - Browser is opened with url: ''

2018-04-17 09:27:23 - [TEST_STEP][PASSED] - navigateToUrl: Navigate to 'http://dev.providerlookup.ipro.org/' successfully

2018-04-17 09:27:27 - [MESSAGE][PASSED] - Navigate to 'http://dev.providerlookup.ipro.org/' successfully

2018-04-17 09:27:27 - [TEST_STEP][PASSED] - click: Object: 'Object Repository/Plans and Products/Page_PNDS (21)/a_Search by Health Plan' is clicked on

[...]

2018-04-17 09:39:47 - [MESSAGE][PASSED] - All options with value 'nonmcomedical,skp_002' are selected in object 'Object Repository/Plans and Products/Page_PNDS (84)/select_--- Choose One ---Conso'  using regular expression

2018-04-17 09:39:47 - [TEST_STEP][PASSED] - selectOptionByValue: All options with value '0023' are selected in object 'Object Repository/Plans and Products/Page_PNDS (84)/select_--- Choose one ---Aetna'  using regular expression

2018-04-17 09:39:49 - [MESSAGE][PASSED] - All options with value '0023' are selected in object 'Object Repository/Plans and Products/Page_PNDS (84)/select_--- Choose one ---Aetna'  using regular expression

2018-04-17 09:39:49 - [TEST_STEP][PASSED] - selectOptionByValue: All options with value 'commercialprovider' are selected in object 'Object Repository/Plans and Products/Page_PNDS (84)/select_--- Choose One ---Cryst'  using regular expression

2018-04-17 09:39:50 - [MESSAGE][PASSED] - All options with value 'commercialprovider' are selected in object 'Object Repository/Plans and Products/Page_PNDS (84)/select_--- Choose One ---Cryst'  using regular expression

2018-04-17 09:39:50 - [TEST_STEP][PASSED] - selectOptionByValue: All options with value 'bhp,bhpplus' are selected in object 'Object Repository/Plans and Products/Page_PNDS (84)/select_--- Choose One ---Cryst'  using regular expression

2018-04-17 09:39:50 - [MESSAGE][PASSED] - All options with value 'bhp,bhpplus' are selected in object 'Object Repository/Plans and Products/Page_PNDS (84)/select_--- Choose One ---Cryst'  using regular expression

2018-04-17 09:39:50 - [TEST_STEP][PASSED] - selectOptionByValue: All options with value 'medicaidprovider' are selected in object 'Object Repository/Plans and Products/Page_PNDS (84)/select_--- Choose One ---Cryst'  using regular expression

2018-04-17 09:39:51 - [MESSAGE][PASSED] - All options with value 'medicaidprovider' are selected in object 'Object Repository/Plans and Products/Page_PNDS (84)/select_--- Choose One ---Cryst'  using regular expression

2018-04-17 09:39:51 - [TEST_STEP][PASSED] - selectOptionByValue: All options with value '0159' are selected in object 'Object Repository/Plans and Products/Page_PNDS (84)/select_--- Choose one ---Aetna'  using regular expression

2018-04-17 09:39:53 - [MESSAGE][PASSED] - All options with value '0159' are selected in object 'Object Repository/Plans and Products/Page_PNDS (84)/select_--- Choose one ---Aetna'  using regular expression

2018-04-17 09:39:53 - [TEST_STEP][PASSED] - selectOptionByValue: All options with value 'nonmcomedical' are selected in object 'Object Repository/Plans and Products/Page_PNDS (84)/select_--- Choose One ---Delaw'  using regular expression

2018-04-17 09:39:53 - [MESSAGE][PASSED] - All options with value 'nonmcomedical' are selected in object 'Object Repository/Plans and Products/Page_PNDS (84)/select_--- Choose One ---Delaw'  using regular expression

2018-04-17 09:39:53 - [TEST_STEP][PASSED] - selectOptionByValue: All options with value 'nonmcomedical,skp_001' are selected in object 'Object Repository/Plans and Products/Page_PNDS (84)/select_--- Choose One ---Delaw'  using regular expression

2018-04-17 09:39:53 - [MESSAGE][PASSED] - All options with value 'nonmcomedical,skp_001' are selected in object 'Object Repository/Plans and Products/Page_PNDS (84)/select_--- Choose One ---Delaw'  using regular expression

2018-04-17 09:39:53 - [TEST_STEP][PASSED] - selectOptionByValue: All options with value 'nonmcomedical,skp_002' are selected in object 'Object Repository/Plans and Products/Page_PNDS (84)/select_--- Choose One ---Delaw'  using regular expression

2018-04-17 09:39:54 - [MESSAGE][PASSED] - All options with value 'nonmcomedical,skp_002' are selected in object 'Object Repository/Plans and Products/Page_PNDS (84)/select_--- Choose One ---Delaw'  using regular expression

2018-04-17 09:39:54 - [TEST_STEP][PASSED] - selectOptionByValue: All options with value 'nonmcomedical,skp_003' are selected in object 'Object Repository/Plans and Products/Page_PNDS (84)/select_--- Choose One ---Delaw'  using regular expression

2018-04-17 09:39:54 - [MESSAGE][PASSED] - All options with value 'nonmcomedical,skp_003' are selected in object 'Object Repository/Plans and Products/Page_PNDS (84)/select_--- Choose One ---Delaw'  using regular expression

2018-04-17 09:39:54 - [TEST_STEP][PASSED] - selectOptionByValue: All options with value '0024' are selected in object 'Object Repository/Plans and Products/Page_PNDS (84)/select_--- Choose one ---Aetna'  using regular expression

2018-04-17 09:39:56 - [MESSAGE][PASSED] - All options with value '0024' are selected in object 'Object Repository/Plans and Products/Page_PNDS (84)/select_--- Choose one ---Aetna'  using regular expression

2018-04-17 09:39:56 - [TEST_STEP][PASSED] - selectOptionByValue: All options with value 'indivpeddentalhigh,indivadultdental' are selected in object 'Object Repository/Plans and Products/Page_PNDS (84)/select_--- Choose One ---Delta'  using regular expression

2018-04-17 09:39:57 - [MESSAGE][PASSED] - All options with value 'indivpeddentalhigh,indivadultdental' are selected in object 'Object Repository/Plans and Products/Page_PNDS (84)/select_--- Choose One ---Delta'  using regular expression

2018-04-17 09:39:57 - [TEST_STEP][PASSED] - selectOptionByValue: All options with value 'indivfamdental' are selected in object 'Object Repository/Plans and Products/Page_PNDS (84)/select_--- Choose One ---Delta'  using regular expression

2018-04-17 09:39:57 - [MESSAGE][PASSED] - All options with value 'indivfamdental' are selected in object 'Object Repository/Plans and Products/Page_PNDS (84)/select_--- Choose One ---Delta'  using regular expression

2018-04-17 09:39:57 - [TEST_STEP][PASSED] - selectOptionByValue: All options with value 'shopfamdental' are selected in object 'Object Repository/Plans and Products/Page_PNDS (84)/select_--- Choose One ---Delta'  using regular expression

2018-04-17 09:39:58 - [MESSAGE][PASSED] - All options with value 'shopfamdental' are selected in object 'Object Repository/Plans and Products/Page_PNDS (84)/select_--- Choose One ---Delta'  using regular expression

2018-04-17 09:39:58 - [TEST_STEP][PASSED] - selectOptionByValue: All options with value 'shoppeddentalhigh,shopadultdental' are selected in object 'Object Repository/Plans and Products/Page_PNDS (84)/select_--- Choose One ---Delta'  using regular expression

2018-04-17 09:39:58 - [MESSAGE][PASSED] - All options with value 'shoppeddentalhigh,shopadultdental' are selected in object 'Object Repository/Plans and Products/Page_PNDS (84)/select_--- Choose One ---Delta'  using regular expression

2018-04-17 09:39:58 - [TEST_STEP][PASSED] - selectOptionByValue: All options with value 'nonmcodental' are selected in object 'Object Repository/Plans and Products/Page_PNDS (84)/select_--- Choose One ---Delta'  using regular expression

2018-04-17 09:39:59 - [MESSAGE][PASSED] - All options with value 'nonmcodental' are selected in object 'Object Repository/Plans and Products/Page_PNDS (84)/select_--- Choose One ---Delta'  using regular expression

2018-04-17 09:39:59 - [TEST_STEP][PASSED] - selectOptionByValue: All options with value '0164' are selected in object 'Object Repository/Plans and Products/Page_PNDS (84)/select_--- Choose one ---Aetna'  using regular expression

2018-04-17 09:40:01 - [MESSAGE][PASSED] - All options with value '0164' are selected in object 'Object Repository/Plans and Products/Page_PNDS (84)/select_--- Choose one ---Aetna'  using regular expression

2018-04-17 09:40:01 - [TEST_STEP][PASSED] - selectOptionByValue: All options with value 'nonmcodental' are selected in object 'Object Repository/Plans and Products/Page_PNDS (84)/select_--- Choose One ---Denta'  using regular expression

2018-04-17 09:40:01 - [MESSAGE][PASSED] - All options with value 'nonmcodental' are selected in object 'Object Repository/Plans and Products/Page_PNDS (84)/select_--- Choose One ---Denta'  using regular expression

2018-04-17 09:40:01 - [TEST_STEP][PASSED] - selectOptionByValue: All options with value '0025' are selected in object 'Object Repository/Plans and Products/Page_PNDS (84)/select_--- Choose one ---Aetna'  using regular expression

2018-04-17 09:40:03 - [MESSAGE][PASSED] - All options with value '0025' are selected in object 'Object Repository/Plans and Products/Page_PNDS (84)/select_--- Choose one ---Aetna'  using regular expression

2018-04-17 09:40:03 - [TEST_STEP][PASSED] - selectOptionByValue: All options with value 'indivpeddentalhigh,indivpeddentallow,indivadultdental,indivfamdental' are selected in object 'Object Repository/Plans and Products/Page_PNDS (84)/select_--- Choose One ---Dentc'  using regular expression

2018-04-17 09:40:04 - [MESSAGE][PASSED] - All options with value 'indivpeddentalhigh,indivpeddentallow,indivadultdental,indivfamdental' are selected in object 'Object Repository/Plans and Products/Page_PNDS (84)/select_--- Choose One ---Dentc'  using regular expression

2018-04-17 09:40:04 - [TEST_STEP][PASSED] - selectOptionByValue: All options with value 'shoppeddentalhigh,shoppeddentallow,shopadultdental,shopfamdental' are selected in object 'Object Repository/Plans and Products/Page_PNDS (84)/select_--- Choose One ---Dentc'  using regular expression

2018-04-17 09:40:04 - [MESSAGE][PASSED] - All options with value 'shoppeddentalhigh,shoppeddentallow,shopadultdental,shopfamdental' are selected in object 'Object Repository/Plans and Products/Page_PNDS (84)/select_--- Choose One ---Dentc'  using regular expression

2018-04-17 09:40:04 - [TEST_STEP][PASSED] - selectOptionByValue: All options with value '0026' are selected in object 'Object Repository/Plans and Products/Page_PNDS (84)/select_--- Choose one ---Aetna'  using regular expression

2018-04-17 09:40:06 - [MESSAGE][PASSED] - All options with value '0026' are selected in object 'Object Repository/Plans and Products/Page_PNDS (84)/select_--- Choose one ---Aetna'  using regular expression

2018-04-17 09:40:06 - [TEST_STEP][PASSED] - selectOptionByValue: All options with value 'indivpeddentallow,indivadultdental' are selected in object 'Object Repository/Plans and Products/Page_PNDS (84)/select_--- Choose One ---Dente'  using regular expression

2018-04-17 09:40:06 - [MESSAGE][PASSED] - All options with value 'indivpeddentallow,indivadultdental' are selected in object 'Object Repository/Plans and Products/Page_PNDS (84)/select_--- Choose One ---Dente'  using regular expression

2018-04-17 09:40:06 - [TEST_STEP][PASSED] - selectOptionByValue: All options with value '0027' are selected in object 'Object Repository/Plans and Products/Page_PNDS (84)/select_--- Choose one ---Aetna'  using regular expression

2018-04-17 09:40:08 - [MESSAGE][PASSED] - All options with value '0027' are selected in object 'Object Repository/Plans and Products/Page_PNDS (84)/select_--- Choose one ---Aetna'  using regular expression

2018-04-17 09:40:08 - [TEST_STEP][PASSED] - selectOptionByValue: All options with value 'nonmcovision' are selected in object 'Object Repository/Plans and Products/Page_PNDS (84)/select_--- Choose One ---Easte'  using regular expression

2018-04-17 09:40:09 - [MESSAGE][PASSED] - All options with value 'nonmcovision' are selected in object 'Object Repository/Plans and Products/Page_PNDS (84)/select_--- Choose One ---Easte'  using regular expression

2018-04-17 09:40:09 - [TEST_STEP][PASSED] - selectOptionByValue: All options with value 'nonmcovision,skp_001' are selected in object 'Object Repository/Plans and Products/Page_PNDS (84)/select_--- Choose One ---Easte'  using regular expression

2018-04-17 09:40:09 - [MESSAGE][PASSED] - All options with value 'nonmcovision,skp_001' are selected in object 'Object Repository/Plans and Products/Page_PNDS (84)/select_--- Choose One ---Easte'  using regular expression

2018-04-17 09:40:09 - [TEST_STEP][PASSED] - selectOptionByValue: All options with value '0028' are selected in object 'Object Repository/Plans and Products/Page_PNDS (84)/select_--- Choose one ---Aetna'  using regular expression

2018-04-17 09:40:11 - [MESSAGE][PASSED] - All options with value '0028' are selected in object 'Object Repository/Plans and Products/Page_PNDS (84)/select_--- Choose one ---Aetna'  using regular expression

2018-04-17 09:40:11 - [TEST_STEP][PASSED] - selectOptionByValue: All options with value 'pace' are selected in object 'Object Repository/Plans and Products/Page_PNDS (84)/select_--- Choose One ---Eddy'  using regular expression

2018-04-17 09:40:12 - [MESSAGE][PASSED] - All options with value 'pace' are selected in object 'Object Repository/Plans and Products/Page_PNDS (84)/select_--- Choose One ---Eddy'  using regular expression

2018-04-17 09:40:12 - [TEST_STEP][PASSED] - selectOptionByValue: All options with value '0029' are selected in object 'Object Repository/Plans and Products/Page_PNDS (84)/select_--- Choose one ---Aetna'  using regular expression

2018-04-17 09:40:13 - [MESSAGE][PASSED] - All options with value '0029' are selected in object 'Object Repository/Plans and Products/Page_PNDS (84)/select_--- Choose one ---Aetna'  using regular expression

2018-04-17 09:40:13 - [TEST_STEP][PASSED] - selectOptionByValue: All options with value 'partialcaps' are selected in object 'Object Repository/Plans and Products/Page_PNDS (84)/select_--- Choose One ---Elant'  using regular expression

2018-04-17 09:40:14 - [MESSAGE][PASSED] - All options with value 'partialcaps' are selected in object 'Object Repository/Plans and Products/Page_PNDS (84)/select_--- Choose One ---Elant'  using regular expression

2018-04-17 09:40:14 - [TEST_STEP][PASSED] - selectOptionByValue: All options with value '0030' are selected in object 'Object Repository/Plans and Products/Page_PNDS (84)/select_--- Choose one ---Aetna'  using regular expression

2018-04-17 09:40:16 - [MESSAGE][PASSED] - All options with value '0030' are selected in object 'Object Repository/Plans and Products/Page_PNDS (84)/select_--- Choose one ---Aetna'  using regular expression

2018-04-17 09:40:16 - [TEST_STEP][PASSED] - selectOptionByValue: All options with value 'fida' are selected in object 'Object Repository/Plans and Products/Page_PNDS (84)/select_--- Choose One ---Elder'  using regular expression

2018-04-17 09:40:16 - [MESSAGE][PASSED] - All options with value 'fida' are selected in object 'Object Repository/Plans and Products/Page_PNDS (84)/select_--- Choose One ---Elder'  using regular expression

2018-04-17 09:40:16 - [TEST_STEP][PASSED] - selectOptionByValue: All options with value 'partialcaps' are selected in object 'Object Repository/Plans and Products/Page_PNDS (84)/select_--- Choose One ---Elder'  using regular expression

2018-04-17 09:40:17 - [MESSAGE][PASSED] - All options with value 'partialcaps' are selected in object 'Object Repository/Plans and Products/Page_PNDS (84)/select_--- Choose One ---Elder'  using regular expression

2018-04-17 09:40:17 - [TEST_STEP][PASSED] - selectOptionByValue: All options with value 'map' are selected in object 'Object Repository/Plans and Products/Page_PNDS (84)/select_--- Choose One ---Elder'  using regular expression

2018-04-17 09:40:17 - [MESSAGE][PASSED] - All options with value 'map' are selected in object 'Object Repository/Plans and Products/Page_PNDS (84)/select_--- Choose One ---Elder'  using regular expression

2018-04-17 09:40:17 - [TEST_STEP][PASSED] - selectOptionByValue: All options with value '0031' are selected in object 'Object Repository/Plans and Products/Page_PNDS (84)/select_--- Choose one ---Aetna'  using regular expression

2018-04-17 09:40:19 - [MESSAGE][PASSED] - All options with value '0031' are selected in object 'Object Repository/Plans and Products/Page_PNDS (84)/select_--- Choose one ---Aetna'  using regular expression

2018-04-17 09:40:19 - [TEST_STEP][PASSED] - selectOptionByValue: All options with value 'fida' are selected in object 'Object Repository/Plans and Products/Page_PNDS (84)/select_--- Choose One ---Elder_1'  using regular expression

2018-04-17 09:40:19 - [MESSAGE][PASSED] - All options with value 'fida' are selected in object 'Object Repository/Plans and Products/Page_PNDS (84)/select_--- Choose One ---Elder_1'  using regular expression

2018-04-17 09:40:19 - [TEST_STEP][PASSED] - selectOptionByValue: All options with value 'partialcaps' are selected in object 'Object Repository/Plans and Products/Page_PNDS (84)/select_--- Choose One ---Elder_1'  using regular expression

2018-04-17 09:40:20 - [MESSAGE][PASSED] - All options with value 'partialcaps' are selected in object 'Object Repository/Plans and Products/Page_PNDS (84)/select_--- Choose One ---Elder_1'  using regular expression

2018-04-17 09:40:20 - [TEST_STEP][PASSED] - selectOptionByValue: All options with value '0050' are selected in object 'Object Repository/Plans and Products/Page_PNDS (84)/select_--- Choose one ---Aetna'  using regular expression

2018-04-17 09:40:21 - [MESSAGE][PASSED] - All options with value '0050' are selected in object 'Object Repository/Plans and Products/Page_PNDS (84)/select_--- Choose one ---Aetna'  using regular expression

2018-04-17 09:40:21 - [TEST_STEP][PASSED] - selectOptionByValue: All options with value 'chpprovider' are selected in object 'Object Repository/Plans and Products/Page_PNDS (84)/select_--- Choose One ---Emble'  using regular expression

2018-04-17 09:40:22 - [MESSAGE][PASSED] - All options with value 'chpprovider' are selected in object 'Object Repository/Plans and Products/Page_PNDS (84)/select_--- Choose One ---Emble'  using regular expression

2018-04-17 09:40:22 - [TEST_STEP][FAILED] - selectOptionByValue: Unable to select option by value '--- Choose One ---' of object 'Object Repository/Plans and Products/Page_PNDS (84)/select_--- Choose One ---Emble'  using regular expression (Root cause: No option matched.)

2018-04-17 09:40:22 - [MESSAGE][FAILED] - No option matched.

2018-04-17 09:40:22 - [MESSAGE][FAILED] - Unable to select option by value '--- Choose One ---' of object 'Object Repository/Plans and Products/Page_PNDS (84)/select_--- Choose One ---Emble'  using regular expression (Root cause: No option matched.)
[[ATTACHMENT|C:\\Users\\shawn\\Katalon Studio\\PNDS\\Reports\\Health Plans and their Products\\20180417_092326\\1523972422655.png]]]]></system-out>
         <system-err><![CDATA[2018-04-17 09:38:35 - [TEST_CASE][FAILED] - Test Cases/Health Plans and their Products/1 All Plans and Products: Test Cases/Health Plans and their Products/1 All Plans and Products FAILED because (of) Unable to select option by value '--- Choose One ---' of object 'Object Repository/Plans and Products/Page_PNDS (84)/select_--- Choose One ---Emble'  using regular expression (Root cause: No option matched.)]]></system-err>
      </testcase>
      <system-out><![CDATA[2018-04-17 09:23:28 - [TEST_SUITE][FAILED] - Health Plans and their Products: Test Cases/Health Plans and their Products/1 All Plans and Products FAILED because (of) Unable to select option by value '--- Choose One ---' of object 'Object Repository/Plans and Products/Page_PNDS (84)/select_--- Choose One ---Emble'  using regular expression (Root cause: No option matched.)]]></system-out>
      <system-err><![CDATA[2018-04-17 09:23:28 - [TEST_SUITE][FAILED] - Health Plans and their Products: Test Cases/Health Plans and their Products/1 All Plans and Products FAILED because (of) Unable to select option by value '--- Choose One ---' of object 'Object Repository/Plans and Products/Page_PNDS (84)/select_--- Choose One ---Emble'  using regular expression (Root cause: No option matched.)]]></system-err>
   </testsuite>
</testsuites>
